[2025-06-08 19:17:51] local.INFO: Search results:  [{"id":8,"family_name":"Nita Nelson","first_name":"Dora","middle_name":"Reese Harding","birthdate":"1988-04-14T16:00:00.000000Z","birthplace":"Esse porro amet pr","sex":"Male","civil_status":"Married","permanent_address":"Non et aut rerum rep","telephone":"+1 (688) 105-3058","fax":"+1 (584) 858-3887","mobile":"326","facebook_id":"Autem perferendis de","twitter_id":"Pariatur Laboris qu","skype_id":"Id iusto obcaecati e","website":"https://www.fefurysotabo.com","email":"lorjohnra143@gmail.com","email_verified_at":null,"username":"lorjohnra143@gmail.com","two_factor_confirmed_at":null,"temp_password":null,"is_approved":0,"credentials_sent_at":null,"current_team_id":null,"profile_photo_path":null,"force_password_change":1,"company_name":"Rivera Marsh Trading","company_address":"Provident obcaecati","company_telephone":null,"company_fax":null,"designation":"Odit laudantium qua","school_graduated":"Nihil ipsa in nesci","year_graduated":2011,"honors":"Accusamus mollit sit","post_graduate_school":"Nisi voluptatibus au","post_graduate_year":2018,"post_graduate_honors":"Quia consequatur omn","special_courses":"Delectus ex quis mo","awards":"Veniam officiis dol","prc_registration_number":"912","prc_date_issued":"1982-11-27T16:00:00.000000Z","prc_valid_until":"2021-04-14T16:00:00.000000Z","expertise":"Voluptatem sit labor","years_of_practice":1999,"practice_type":"Mixed","services_rendered":"Sint nesciunt sint","cpe_seminars_attended":"Qui distinctio Repe","current_chapter":"Ex qui nobis volupta","previous_chapter":"Reiciendis perspicia","positions_held":"Eiusmod do obcaecati","status":"pending","remarks":null,"created_at":"2025-06-07T20:35:51.000000Z","updated_at":"2025-06-07T20:35:51.000000Z","profile_photo_url":"https://ui-avatars.com/api/?name=&color=7F9CF5&background=EBF4FF"}] 
[2025-06-08 19:17:56] local.INFO: Saving member with data:  {"selectedUserId":8,"newMember":{"role":"admin"}} 
[2025-06-08 19:17:59] local.INFO: editMember called with user ID: 8  
[2025-06-08 19:17:59] local.INFO: Editing user:  {"id":8,"family_name":"Nita Nelson","first_name":"Dora","middle_name":"Reese Harding","birthdate":"1988-04-14T16:00:00.000000Z","birthplace":"Esse porro amet pr","sex":"Male","civil_status":"Married","permanent_address":"Non et aut rerum rep","telephone":"+1 (688) 105-3058","fax":"+1 (584) 858-3887","mobile":"326","facebook_id":"Autem perferendis de","twitter_id":"Pariatur Laboris qu","skype_id":"Id iusto obcaecati e","website":"https://www.fefurysotabo.com","email":"lorjohnra143@gmail.com","email_verified_at":null,"username":"lorjohnra143@gmail.com","two_factor_confirmed_at":null,"temp_password":null,"is_approved":0,"credentials_sent_at":null,"current_team_id":null,"profile_photo_path":null,"force_password_change":1,"company_name":"Rivera Marsh Trading","company_address":"Provident obcaecati","company_telephone":null,"company_fax":null,"designation":"Odit laudantium qua","school_graduated":"Nihil ipsa in nesci","year_graduated":2011,"honors":"Accusamus mollit sit","post_graduate_school":"Nisi voluptatibus au","post_graduate_year":2018,"post_graduate_honors":"Quia consequatur omn","special_courses":"Delectus ex quis mo","awards":"Veniam officiis dol","prc_registration_number":"912","prc_date_issued":"1982-11-27T16:00:00.000000Z","prc_valid_until":"2021-04-14T16:00:00.000000Z","expertise":"Voluptatem sit labor","years_of_practice":1999,"practice_type":"Mixed","services_rendered":"Sint nesciunt sint","cpe_seminars_attended":"Qui distinctio Repe","current_chapter":"Ex qui nobis volupta","previous_chapter":"Reiciendis perspicia","positions_held":"Eiusmod do obcaecati","status":"pending","remarks":null,"created_at":"2025-06-07T20:35:51.000000Z","updated_at":"2025-06-07T20:35:51.000000Z","profile_photo_url":"https://ui-avatars.com/api/?name=&color=7F9CF5&background=EBF4FF"} 
[2025-06-08 19:18:27] local.INFO: Search results:  [{"id":8,"family_name":"Nita Nelson","first_name":"Dora","middle_name":"Reese Harding","birthdate":"1988-04-14T16:00:00.000000Z","birthplace":"Esse porro amet pr","sex":"Male","civil_status":"Married","permanent_address":"Non et aut rerum rep","telephone":"+1 (688) 105-3058","fax":"+1 (584) 858-3887","mobile":"326","facebook_id":"Autem perferendis de","twitter_id":"Pariatur Laboris qu","skype_id":"Id iusto obcaecati e","website":"https://www.fefurysotabo.com","email":"lorjohnra143@gmail.com","email_verified_at":null,"username":"lorjohnra143@gmail.com","two_factor_confirmed_at":null,"temp_password":null,"is_approved":0,"credentials_sent_at":null,"current_team_id":null,"profile_photo_path":null,"force_password_change":1,"company_name":"Rivera Marsh Trading","company_address":"Provident obcaecati","company_telephone":null,"company_fax":null,"designation":"Odit laudantium qua","school_graduated":"Nihil ipsa in nesci","year_graduated":2011,"honors":"Accusamus mollit sit","post_graduate_school":"Nisi voluptatibus au","post_graduate_year":2018,"post_graduate_honors":"Quia consequatur omn","special_courses":"Delectus ex quis mo","awards":"Veniam officiis dol","prc_registration_number":"912","prc_date_issued":"1982-11-27T16:00:00.000000Z","prc_valid_until":"2021-04-14T16:00:00.000000Z","expertise":"Voluptatem sit labor","years_of_practice":1999,"practice_type":"Mixed","services_rendered":"Sint nesciunt sint","cpe_seminars_attended":"Qui distinctio Repe","current_chapter":"Ex qui nobis volupta","previous_chapter":"Reiciendis perspicia","positions_held":"Eiusmod do obcaecati","status":"pending","remarks":null,"created_at":"2025-06-07T20:35:51.000000Z","updated_at":"2025-06-07T20:35:51.000000Z","profile_photo_url":"https://ui-avatars.com/api/?name=&color=7F9CF5&background=EBF4FF"}] 
[2025-06-08 19:18:32] local.INFO: Saving member with data:  {"selectedUserId":8,"newMember":{"role":"admin"}} 
[2025-06-08 19:18:40] local.INFO: editMember called with user ID: 8  
[2025-06-08 19:18:40] local.INFO: Editing user:  {"id":8,"family_name":"Nita Nelson","first_name":"Dora","middle_name":"Reese Harding","birthdate":"1988-04-14T16:00:00.000000Z","birthplace":"Esse porro amet pr","sex":"Male","civil_status":"Married","permanent_address":"Non et aut rerum rep","telephone":"+1 (688) 105-3058","fax":"+1 (584) 858-3887","mobile":"326","facebook_id":"Autem perferendis de","twitter_id":"Pariatur Laboris qu","skype_id":"Id iusto obcaecati e","website":"https://www.fefurysotabo.com","email":"lorjohnra143@gmail.com","email_verified_at":null,"username":"lorjohnra143@gmail.com","two_factor_confirmed_at":null,"temp_password":null,"is_approved":0,"credentials_sent_at":null,"current_team_id":null,"profile_photo_path":null,"force_password_change":1,"company_name":"Rivera Marsh Trading","company_address":"Provident obcaecati","company_telephone":null,"company_fax":null,"designation":"Odit laudantium qua","school_graduated":"Nihil ipsa in nesci","year_graduated":2011,"honors":"Accusamus mollit sit","post_graduate_school":"Nisi voluptatibus au","post_graduate_year":2018,"post_graduate_honors":"Quia consequatur omn","special_courses":"Delectus ex quis mo","awards":"Veniam officiis dol","prc_registration_number":"912","prc_date_issued":"1982-11-27T16:00:00.000000Z","prc_valid_until":"2021-04-14T16:00:00.000000Z","expertise":"Voluptatem sit labor","years_of_practice":1999,"practice_type":"Mixed","services_rendered":"Sint nesciunt sint","cpe_seminars_attended":"Qui distinctio Repe","current_chapter":"Ex qui nobis volupta","previous_chapter":"Reiciendis perspicia","positions_held":"Eiusmod do obcaecati","status":"pending","remarks":null,"created_at":"2025-06-07T20:35:51.000000Z","updated_at":"2025-06-07T20:35:51.000000Z","profile_photo_url":"https://ui-avatars.com/api/?name=&color=7F9CF5&background=EBF4FF"} 
[2025-06-08 19:28:01] local.INFO: Search results:  [{"id":8,"family_name":"Nita Nelson","first_name":"Dora","middle_name":"Reese Harding","birthdate":"1988-04-14T16:00:00.000000Z","birthplace":"Esse porro amet pr","sex":"Male","civil_status":"Married","permanent_address":"Non et aut rerum rep","telephone":"+1 (688) 105-3058","fax":"+1 (584) 858-3887","mobile":"326","facebook_id":"Autem perferendis de","twitter_id":"Pariatur Laboris qu","skype_id":"Id iusto obcaecati e","website":"https://www.fefurysotabo.com","email":"lorjohnra143@gmail.com","email_verified_at":null,"username":"lorjohnra143@gmail.com","two_factor_confirmed_at":null,"temp_password":null,"is_approved":0,"credentials_sent_at":null,"current_team_id":null,"profile_photo_path":null,"force_password_change":1,"company_name":"Rivera Marsh Trading","company_address":"Provident obcaecati","company_telephone":null,"company_fax":null,"designation":"Odit laudantium qua","school_graduated":"Nihil ipsa in nesci","year_graduated":2011,"honors":"Accusamus mollit sit","post_graduate_school":"Nisi voluptatibus au","post_graduate_year":2018,"post_graduate_honors":"Quia consequatur omn","special_courses":"Delectus ex quis mo","awards":"Veniam officiis dol","prc_registration_number":"912","prc_date_issued":"1982-11-27T16:00:00.000000Z","prc_valid_until":"2021-04-14T16:00:00.000000Z","expertise":"Voluptatem sit labor","years_of_practice":1999,"practice_type":"Mixed","services_rendered":"Sint nesciunt sint","cpe_seminars_attended":"Qui distinctio Repe","current_chapter":"Ex qui nobis volupta","previous_chapter":"Reiciendis perspicia","positions_held":"Eiusmod do obcaecati","status":"pending","remarks":null,"created_at":"2025-06-07T20:35:51.000000Z","updated_at":"2025-06-07T20:35:51.000000Z","profile_photo_url":"https://ui-avatars.com/api/?name=&color=7F9CF5&background=EBF4FF"}] 
[2025-06-08 19:28:07] local.INFO: Saving member with data:  {"selectedUserId":8,"newMember":{"role":"admin"}} 
[2025-06-08 19:28:11] local.INFO: editMember called with user ID: 8  
[2025-06-08 19:28:11] local.INFO: Editing user:  {"id":8,"family_name":"Nita Nelson","first_name":"Dora","middle_name":"Reese Harding","birthdate":"1988-04-14T16:00:00.000000Z","birthplace":"Esse porro amet pr","sex":"Male","civil_status":"Married","permanent_address":"Non et aut rerum rep","telephone":"+1 (688) 105-3058","fax":"+1 (584) 858-3887","mobile":"326","facebook_id":"Autem perferendis de","twitter_id":"Pariatur Laboris qu","skype_id":"Id iusto obcaecati e","website":"https://www.fefurysotabo.com","email":"lorjohnra143@gmail.com","email_verified_at":null,"username":"lorjohnra143@gmail.com","two_factor_confirmed_at":null,"temp_password":null,"is_approved":0,"credentials_sent_at":null,"current_team_id":null,"profile_photo_path":null,"force_password_change":1,"company_name":"Rivera Marsh Trading","company_address":"Provident obcaecati","company_telephone":null,"company_fax":null,"designation":"Odit laudantium qua","school_graduated":"Nihil ipsa in nesci","year_graduated":2011,"honors":"Accusamus mollit sit","post_graduate_school":"Nisi voluptatibus au","post_graduate_year":2018,"post_graduate_honors":"Quia consequatur omn","special_courses":"Delectus ex quis mo","awards":"Veniam officiis dol","prc_registration_number":"912","prc_date_issued":"1982-11-27T16:00:00.000000Z","prc_valid_until":"2021-04-14T16:00:00.000000Z","expertise":"Voluptatem sit labor","years_of_practice":1999,"practice_type":"Mixed","services_rendered":"Sint nesciunt sint","cpe_seminars_attended":"Qui distinctio Repe","current_chapter":"Ex qui nobis volupta","previous_chapter":"Reiciendis perspicia","positions_held":"Eiusmod do obcaecati","status":"pending","remarks":null,"created_at":"2025-06-07T20:35:51.000000Z","updated_at":"2025-06-07T20:35:51.000000Z","profile_photo_url":"https://ui-avatars.com/api/?name=&color=7F9CF5&background=EBF4FF"} 
[2025-06-08 19:46:02] local.INFO: Dues computation generated {"reference_number":"REQ-20250608-f1cb2c01","member_id":5,"dues_count":1,"unpaid_only":false} 
[2025-06-08 19:47:20] local.INFO: Dues computation generated {"reference_number":"REQ-20250608-4ae54e6a","member_id":5,"dues_count":1,"unpaid_only":false} 
[2025-06-08 19:47:43] local.INFO: Dues computation generated {"reference_number":"REQ-20250608-4ae54e6a","member_id":5,"dues_count":1,"unpaid_only":false} 
[2025-06-08 19:49:18] local.INFO: Dues computation reply sent and status updated {"reference_number":"REQ-20250608-4ae54e6a","member_id":5,"reply_id":20} 
[2025-06-08 19:50:44] local.INFO: Dues computation generated {"reference_number":null,"member_id":5,"dues_count":1,"unpaid_only":true} 
[2025-06-08 19:55:49] local.ERROR: Undefined array key "payment_date" (View: C:\laragon\www\ARK\resources\views\livewire\transaction\transaction-record.blade.php) {"userId":5,"exception":"[object] (Illuminate\\View\\ViewException(code: 0): Undefined array key \"payment_date\" (View: C:\\laragon\\www\\ARK\\resources\\views\\livewire\\transaction\\transaction-record.blade.php) at C:\\laragon\\www\\ARK\\storage\\framework\\views\\a9cc3d44da0af322e35513d249066f53.php:532)
[stacktrace]
#0 C:\\laragon\\www\\ARK\\vendor\\livewire\\livewire\\src\\Mechanisms\\ExtendBlade\\ExtendedCompilerEngine.php(58): Illuminate\\View\\Engines\\CompilerEngine->handleViewException(Object(ErrorException), 1)
#1 C:\\laragon\\www\\ARK\\vendor\\livewire\\livewire\\src\\Mechanisms\\ExtendBlade\\ExtendedCompilerEngine.php(40): Livewire\\Mechanisms\\ExtendBlade\\ExtendedCompilerEngine->handleViewException(Object(ErrorException), 1)
#2 C:\\laragon\\www\\ARK\\vendor\\laravel\\framework\\src\\Illuminate\\View\\Engines\\CompilerEngine.php(74): Livewire\\Mechanisms\\ExtendBlade\\ExtendedCompilerEngine->evaluatePath('C:\\\\laragon\\\\www\\\\...', Array)
#3 C:\\laragon\\www\\ARK\\vendor\\livewire\\livewire\\src\\Mechanisms\\ExtendBlade\\ExtendedCompilerEngine.php(16): Illuminate\\View\\Engines\\CompilerEngine->get('C:\\\\laragon\\\\www\\\\...', Array)
#4 C:\\laragon\\www\\ARK\\vendor\\laravel\\framework\\src\\Illuminate\\View\\View.php(208): Livewire\\Mechanisms\\ExtendBlade\\ExtendedCompilerEngine->get('C:\\\\laragon\\\\www\\\\...', Array)
#5 C:\\laragon\\www\\ARK\\vendor\\laravel\\framework\\src\\Illuminate\\View\\View.php(191): Illuminate\\View\\View->getContents()
#6 C:\\laragon\\www\\ARK\\vendor\\laravel\\framework\\src\\Illuminate\\View\\View.php(160): Illuminate\\View\\View->renderContents()
#7 C:\\laragon\\www\\ARK\\vendor\\livewire\\livewire\\src\\Mechanisms\\HandleComponents\\HandleComponents.php(241): Illuminate\\View\\View->render(Object(Closure))
#8 C:\\laragon\\www\\ARK\\vendor\\livewire\\livewire\\src\\Mechanisms\\HandleComponents\\HandleComponents.php(285): Livewire\\Mechanisms\\HandleComponents\\HandleComponents->Livewire\\Mechanisms\\HandleComponents\\{closure}()
#9 C:\\laragon\\www\\ARK\\vendor\\livewire\\livewire\\src\\Mechanisms\\HandleComponents\\HandleComponents.php(233): Livewire\\Mechanisms\\HandleComponents\\HandleComponents->trackInRenderStack(Object(App\\Livewire\\Transaction\\TransactionRecord), Object(Closure))
#10 C:\\laragon\\www\\ARK\\vendor\\livewire\\livewire\\src\\Mechanisms\\HandleComponents\\HandleComponents.php(104): Livewire\\Mechanisms\\HandleComponents\\HandleComponents->render(Object(App\\Livewire\\Transaction\\TransactionRecord))
#11 C:\\laragon\\www\\ARK\\vendor\\livewire\\livewire\\src\\LivewireManager.php(102): Livewire\\Mechanisms\\HandleComponents\\HandleComponents->update(Array, Array, Array)
#12 C:\\laragon\\www\\ARK\\vendor\\livewire\\livewire\\src\\Mechanisms\\HandleRequests\\HandleRequests.php(94): Livewire\\LivewireManager->update(Array, Array, Array)
#13 C:\\laragon\\www\\ARK\\vendor\\laravel\\framework\\src\\Illuminate\\Routing\\ControllerDispatcher.php(46): Livewire\\Mechanisms\\HandleRequests\\HandleRequests->handleUpdate()
#14 C:\\laragon\\www\\ARK\\vendor\\laravel\\framework\\src\\Illuminate\\Routing\\Route.php(265): Illuminate\\Routing\\ControllerDispatcher->dispatch(Object(Illuminate\\Routing\\Route), Object(Livewire\\Mechanisms\\HandleRequests\\HandleRequests), 'handleUpdate')
#15 C:\\laragon\\www\\ARK\\vendor\\laravel\\framework\\src\\Illuminate\\Routing\\Route.php(211): Illuminate\\Routing\\Route->runController()
#16 C:\\laragon\\www\\ARK\\vendor\\laravel\\framework\\src\\Illuminate\\Routing\\Router.php(808): Illuminate\\Routing\\Route->run()
#17 C:\\laragon\\www\\ARK\\vendor\\laravel\\framework\\src\\Illuminate\\Pipeline\\Pipeline.php(169): Illuminate\\Routing\\Router->Illuminate\\Routing\\{closure}(Object(Illuminate\\Http\\Request))
#18 C:\\laragon\\www\\ARK\\app\\Http\\Middleware\\FlashFailedLoginToast.php(44): Illuminate\\Pipeline\\Pipeline->Illuminate\\Pipeline\\{closure}(Object(Illuminate\\Http\\Request))
#19 C:\\laragon\\www\\ARK\\vendor\\laravel\\framework\\src\\Illuminate\\Pipeline\\Pipeline.php(208): App\\Http\\Middleware\\FlashFailedLoginToast->handle(Object(Illuminate\\Http\\Request), Object(Closure))
#20 C:\\laragon\\www\\ARK\\vendor\\laravel\\framework\\src\\Illuminate\\Routing\\Middleware\\SubstituteBindings.php(50): Illuminate\\Pipeline\\Pipeline->Illuminate\\Pipeline\\{closure}(Object(Illuminate\\Http\\Request))
#21 C:\\laragon\\www\\ARK\\vendor\\laravel\\framework\\src\\Illuminate\\Pipeline\\Pipeline.php(208): Illuminate\\Routing\\Middleware\\SubstituteBindings->handle(Object(Illuminate\\Http\\Request), Object(Closure))
#22 C:\\laragon\\www\\ARK\\vendor\\laravel\\framework\\src\\Illuminate\\Foundation\\Http\\Middleware\\VerifyCsrfToken.php(87): Illuminate\\Pipeline\\Pipeline->Illuminate\\Pipeline\\{closure}(Object(Illuminate\\Http\\Request))
#23 C:\\laragon\\www\\ARK\\vendor\\laravel\\framework\\src\\Illuminate\\Pipeline\\Pipeline.php(208): Illuminate\\Foundation\\Http\\Middleware\\VerifyCsrfToken->handle(Object(Illuminate\\Http\\Request), Object(Closure))
#24 C:\\laragon\\www\\ARK\\vendor\\laravel\\framework\\src\\Illuminate\\View\\Middleware\\ShareErrorsFromSession.php(48): Illuminate\\Pipeline\\Pipeline->Illuminate\\Pipeline\\{closure}(Object(Illuminate\\Http\\Request))
#25 C:\\laragon\\www\\ARK\\vendor\\laravel\\framework\\src\\Illuminate\\Pipeline\\Pipeline.php(208): Illuminate\\View\\Middleware\\ShareErrorsFromSession->handle(Object(Illuminate\\Http\\Request), Object(Closure))
#26 C:\\laragon\\www\\ARK\\vendor\\laravel\\framework\\src\\Illuminate\\Session\\Middleware\\StartSession.php(120): Illuminate\\Pipeline\\Pipeline->Illuminate\\Pipeline\\{closure}(Object(Illuminate\\Http\\Request))
#27 C:\\laragon\\www\\ARK\\vendor\\laravel\\framework\\src\\Illuminate\\Session\\Middleware\\StartSession.php(63): Illuminate\\Session\\Middleware\\StartSession->handleStatefulRequest(Object(Illuminate\\Http\\Request), Object(Illuminate\\Session\\Store), Object(Closure))
#28 C:\\laragon\\www\\ARK\\vendor\\laravel\\framework\\src\\Illuminate\\Pipeline\\Pipeline.php(208): Illuminate\\Session\\Middleware\\StartSession->handle(Object(Illuminate\\Http\\Request), Object(Closure))
#29 C:\\laragon\\www\\ARK\\vendor\\laravel\\framework\\src\\Illuminate\\Cookie\\Middleware\\AddQueuedCookiesToResponse.php(36): Illuminate\\Pipeline\\Pipeline->Illuminate\\Pipeline\\{closure}(Object(Illuminate\\Http\\Request))
#30 C:\\laragon\\www\\ARK\\vendor\\laravel\\framework\\src\\Illuminate\\Pipeline\\Pipeline.php(208): Illuminate\\Cookie\\Middleware\\AddQueuedCookiesToResponse->handle(Object(Illuminate\\Http\\Request), Object(Closure))
#31 C:\\laragon\\www\\ARK\\vendor\\laravel\\framework\\src\\Illuminate\\Cookie\\Middleware\\EncryptCookies.php(74): Illuminate\\Pipeline\\Pipeline->Illuminate\\Pipeline\\{closure}(Object(Illuminate\\Http\\Request))
#32 C:\\laragon\\www\\ARK\\vendor\\laravel\\framework\\src\\Illuminate\\Pipeline\\Pipeline.php(208): Illuminate\\Cookie\\Middleware\\EncryptCookies->handle(Object(Illuminate\\Http\\Request), Object(Closure))
#33 C:\\laragon\\www\\ARK\\vendor\\laravel\\framework\\src\\Illuminate\\Pipeline\\Pipeline.php(126): Illuminate\\Pipeline\\Pipeline->Illuminate\\Pipeline\\{closure}(Object(Illuminate\\Http\\Request))
#34 C:\\laragon\\www\\ARK\\vendor\\laravel\\framework\\src\\Illuminate\\Routing\\Router.php(807): Illuminate\\Pipeline\\Pipeline->then(Object(Closure))
#35 C:\\laragon\\www\\ARK\\vendor\\laravel\\framework\\src\\Illuminate\\Routing\\Router.php(786): Illuminate\\Routing\\Router->runRouteWithinStack(Object(Illuminate\\Routing\\Route), Object(Illuminate\\Http\\Request))
#36 C:\\laragon\\www\\ARK\\vendor\\laravel\\framework\\src\\Illuminate\\Routing\\Router.php(750): Illuminate\\Routing\\Router->runRoute(Object(Illuminate\\Http\\Request), Object(Illuminate\\Routing\\Route))
#37 C:\\laragon\\www\\ARK\\vendor\\laravel\\framework\\src\\Illuminate\\Routing\\Router.php(739): Illuminate\\Routing\\Router->dispatchToRoute(Object(Illuminate\\Http\\Request))
#38 C:\\laragon\\www\\ARK\\vendor\\laravel\\framework\\src\\Illuminate\\Foundation\\Http\\Kernel.php(200): Illuminate\\Routing\\Router->dispatch(Object(Illuminate\\Http\\Request))
#39 C:\\laragon\\www\\ARK\\vendor\\laravel\\framework\\src\\Illuminate\\Pipeline\\Pipeline.php(169): Illuminate\\Foundation\\Http\\Kernel->Illuminate\\Foundation\\Http\\{closure}(Object(Illuminate\\Http\\Request))
#40 C:\\laragon\\www\\ARK\\vendor\\livewire\\livewire\\src\\Features\\SupportDisablingBackButtonCache\\DisableBackButtonCacheMiddleware.php(19): Illuminate\\Pipeline\\Pipeline->Illuminate\\Pipeline\\{closure}(Object(Illuminate\\Http\\Request))
#41 C:\\laragon\\www\\ARK\\vendor\\laravel\\framework\\src\\Illuminate\\Pipeline\\Pipeline.php(208): Livewire\\Features\\SupportDisablingBackButtonCache\\DisableBackButtonCacheMiddleware->handle(Object(Illuminate\\Http\\Request), Object(Closure))
#42 C:\\laragon\\www\\ARK\\vendor\\laravel\\framework\\src\\Illuminate\\Foundation\\Http\\Middleware\\ConvertEmptyStringsToNull.php(27): Illuminate\\Pipeline\\Pipeline->Illuminate\\Pipeline\\{closure}(Object(Illuminate\\Http\\Request))
#43 C:\\laragon\\www\\ARK\\vendor\\laravel\\framework\\src\\Illuminate\\Pipeline\\Pipeline.php(208): Illuminate\\Foundation\\Http\\Middleware\\ConvertEmptyStringsToNull->handle(Object(Illuminate\\Http\\Request), Object(Closure))
#44 C:\\laragon\\www\\ARK\\vendor\\laravel\\framework\\src\\Illuminate\\Foundation\\Http\\Middleware\\TrimStrings.php(47): Illuminate\\Pipeline\\Pipeline->Illuminate\\Pipeline\\{closure}(Object(Illuminate\\Http\\Request))
#45 C:\\laragon\\www\\ARK\\vendor\\laravel\\framework\\src\\Illuminate\\Pipeline\\Pipeline.php(208): Illuminate\\Foundation\\Http\\Middleware\\TrimStrings->handle(Object(Illuminate\\Http\\Request), Object(Closure))
#46 C:\\laragon\\www\\ARK\\vendor\\laravel\\framework\\src\\Illuminate\\Http\\Middleware\\ValidatePostSize.php(27): Illuminate\\Pipeline\\Pipeline->Illuminate\\Pipeline\\{closure}(Object(Illuminate\\Http\\Request))
#47 C:\\laragon\\www\\ARK\\vendor\\laravel\\framework\\src\\Illuminate\\Pipeline\\Pipeline.php(208): Illuminate\\Http\\Middleware\\ValidatePostSize->handle(Object(Illuminate\\Http\\Request), Object(Closure))
#48 C:\\laragon\\www\\ARK\\vendor\\laravel\\framework\\src\\Illuminate\\Foundation\\Http\\Middleware\\PreventRequestsDuringMaintenance.php(109): Illuminate\\Pipeline\\Pipeline->Illuminate\\Pipeline\\{closure}(Object(Illuminate\\Http\\Request))
#49 C:\\laragon\\www\\ARK\\vendor\\laravel\\framework\\src\\Illuminate\\Pipeline\\Pipeline.php(208): Illuminate\\Foundation\\Http\\Middleware\\PreventRequestsDuringMaintenance->handle(Object(Illuminate\\Http\\Request), Object(Closure))
#50 C:\\laragon\\www\\ARK\\vendor\\laravel\\framework\\src\\Illuminate\\Http\\Middleware\\HandleCors.php(48): Illuminate\\Pipeline\\Pipeline->Illuminate\\Pipeline\\{closure}(Object(Illuminate\\Http\\Request))
#51 C:\\laragon\\www\\ARK\\vendor\\laravel\\framework\\src\\Illuminate\\Pipeline\\Pipeline.php(208): Illuminate\\Http\\Middleware\\HandleCors->handle(Object(Illuminate\\Http\\Request), Object(Closure))
#52 C:\\laragon\\www\\ARK\\vendor\\laravel\\framework\\src\\Illuminate\\Http\\Middleware\\TrustProxies.php(58): Illuminate\\Pipeline\\Pipeline->Illuminate\\Pipeline\\{closure}(Object(Illuminate\\Http\\Request))
#53 C:\\laragon\\www\\ARK\\vendor\\laravel\\framework\\src\\Illuminate\\Pipeline\\Pipeline.php(208): Illuminate\\Http\\Middleware\\TrustProxies->handle(Object(Illuminate\\Http\\Request), Object(Closure))
#54 C:\\laragon\\www\\ARK\\vendor\\laravel\\framework\\src\\Illuminate\\Foundation\\Http\\Middleware\\InvokeDeferredCallbacks.php(22): Illuminate\\Pipeline\\Pipeline->Illuminate\\Pipeline\\{closure}(Object(Illuminate\\Http\\Request))
#55 C:\\laragon\\www\\ARK\\vendor\\laravel\\framework\\src\\Illuminate\\Pipeline\\Pipeline.php(208): Illuminate\\Foundation\\Http\\Middleware\\InvokeDeferredCallbacks->handle(Object(Illuminate\\Http\\Request), Object(Closure))
#56 C:\\laragon\\www\\ARK\\vendor\\laravel\\framework\\src\\Illuminate\\Http\\Middleware\\ValidatePathEncoding.php(26): Illuminate\\Pipeline\\Pipeline->Illuminate\\Pipeline\\{closure}(Object(Illuminate\\Http\\Request))
#57 C:\\laragon\\www\\ARK\\vendor\\laravel\\framework\\src\\Illuminate\\Pipeline\\Pipeline.php(208): Illuminate\\Http\\Middleware\\ValidatePathEncoding->handle(Object(Illuminate\\Http\\Request), Object(Closure))
#58 C:\\laragon\\www\\ARK\\vendor\\laravel\\framework\\src\\Illuminate\\Pipeline\\Pipeline.php(126): Illuminate\\Pipeline\\Pipeline->Illuminate\\Pipeline\\{closure}(Object(Illuminate\\Http\\Request))
#59 C:\\laragon\\www\\ARK\\vendor\\laravel\\framework\\src\\Illuminate\\Foundation\\Http\\Kernel.php(175): Illuminate\\Pipeline\\Pipeline->then(Object(Closure))
#60 C:\\laragon\\www\\ARK\\vendor\\laravel\\framework\\src\\Illuminate\\Foundation\\Http\\Kernel.php(144): Illuminate\\Foundation\\Http\\Kernel->sendRequestThroughRouter(Object(Illuminate\\Http\\Request))
#61 C:\\laragon\\www\\ARK\\vendor\\laravel\\framework\\src\\Illuminate\\Foundation\\Application.php(1219): Illuminate\\Foundation\\Http\\Kernel->handle(Object(Illuminate\\Http\\Request))
#62 C:\\laragon\\www\\ARK\\public\\index.php(20): Illuminate\\Foundation\\Application->handleRequest(Object(Illuminate\\Http\\Request))
#63 C:\\laragon\\www\\ARK\\vendor\\laravel\\framework\\src\\Illuminate\\Foundation\\resources\\server.php(23): require_once('C:\\\\laragon\\\\www\\\\...')
#64 {main}

[previous exception] [object] (ErrorException(code: 0): Undefined array key \"payment_date\" at C:\\laragon\\www\\ARK\\storage\\framework\\views\\a9cc3d44da0af322e35513d249066f53.php:532)
[stacktrace]
#0 C:\\laragon\\www\\ARK\\vendor\\laravel\\framework\\src\\Illuminate\\Foundation\\Bootstrap\\HandleExceptions.php(256): Illuminate\\Foundation\\Bootstrap\\HandleExceptions->handleError(2, 'Undefined array...', 'C:\\\\laragon\\\\www\\\\...', 532)
#1 C:\\laragon\\www\\ARK\\storage\\framework\\views\\a9cc3d44da0af322e35513d249066f53.php(532): Illuminate\\Foundation\\Bootstrap\\HandleExceptions->Illuminate\\Foundation\\Bootstrap\\{closure}(2, 'Undefined array...', 'C:\\\\laragon\\\\www\\\\...', 532)
#2 C:\\laragon\\www\\ARK\\vendor\\livewire\\livewire\\src\\Mechanisms\\ExtendBlade\\ExtendedCompilerEngine.php(37): include('C:\\\\laragon\\\\www\\\\...')
#3 C:\\laragon\\www\\ARK\\vendor\\livewire\\livewire\\src\\Mechanisms\\ExtendBlade\\ExtendedCompilerEngine.php(38): App\\Livewire\\Transaction\\TransactionRecord->Livewire\\Mechanisms\\ExtendBlade\\{closure}()
#4 C:\\laragon\\www\\ARK\\vendor\\laravel\\framework\\src\\Illuminate\\View\\Engines\\CompilerEngine.php(74): Livewire\\Mechanisms\\ExtendBlade\\ExtendedCompilerEngine->evaluatePath('C:\\\\laragon\\\\www\\\\...', Array)
#5 C:\\laragon\\www\\ARK\\vendor\\livewire\\livewire\\src\\Mechanisms\\ExtendBlade\\ExtendedCompilerEngine.php(16): Illuminate\\View\\Engines\\CompilerEngine->get('C:\\\\laragon\\\\www\\\\...', Array)
#6 C:\\laragon\\www\\ARK\\vendor\\laravel\\framework\\src\\Illuminate\\View\\View.php(208): Livewire\\Mechanisms\\ExtendBlade\\ExtendedCompilerEngine->get('C:\\\\laragon\\\\www\\\\...', Array)
#7 C:\\laragon\\www\\ARK\\vendor\\laravel\\framework\\src\\Illuminate\\View\\View.php(191): Illuminate\\View\\View->getContents()
#8 C:\\laragon\\www\\ARK\\vendor\\laravel\\framework\\src\\Illuminate\\View\\View.php(160): Illuminate\\View\\View->renderContents()
#9 C:\\laragon\\www\\ARK\\vendor\\livewire\\livewire\\src\\Mechanisms\\HandleComponents\\HandleComponents.php(241): Illuminate\\View\\View->render(Object(Closure))
#10 C:\\laragon\\www\\ARK\\vendor\\livewire\\livewire\\src\\Mechanisms\\HandleComponents\\HandleComponents.php(285): Livewire\\Mechanisms\\HandleComponents\\HandleComponents->Livewire\\Mechanisms\\HandleComponents\\{closure}()
#11 C:\\laragon\\www\\ARK\\vendor\\livewire\\livewire\\src\\Mechanisms\\HandleComponents\\HandleComponents.php(233): Livewire\\Mechanisms\\HandleComponents\\HandleComponents->trackInRenderStack(Object(App\\Livewire\\Transaction\\TransactionRecord), Object(Closure))
#12 C:\\laragon\\www\\ARK\\vendor\\livewire\\livewire\\src\\Mechanisms\\HandleComponents\\HandleComponents.php(104): Livewire\\Mechanisms\\HandleComponents\\HandleComponents->render(Object(App\\Livewire\\Transaction\\TransactionRecord))
#13 C:\\laragon\\www\\ARK\\vendor\\livewire\\livewire\\src\\LivewireManager.php(102): Livewire\\Mechanisms\\HandleComponents\\HandleComponents->update(Array, Array, Array)
#14 C:\\laragon\\www\\ARK\\vendor\\livewire\\livewire\\src\\Mechanisms\\HandleRequests\\HandleRequests.php(94): Livewire\\LivewireManager->update(Array, Array, Array)
#15 C:\\laragon\\www\\ARK\\vendor\\laravel\\framework\\src\\Illuminate\\Routing\\ControllerDispatcher.php(46): Livewire\\Mechanisms\\HandleRequests\\HandleRequests->handleUpdate()
#16 C:\\laragon\\www\\ARK\\vendor\\laravel\\framework\\src\\Illuminate\\Routing\\Route.php(265): Illuminate\\Routing\\ControllerDispatcher->dispatch(Object(Illuminate\\Routing\\Route), Object(Livewire\\Mechanisms\\HandleRequests\\HandleRequests), 'handleUpdate')
#17 C:\\laragon\\www\\ARK\\vendor\\laravel\\framework\\src\\Illuminate\\Routing\\Route.php(211): Illuminate\\Routing\\Route->runController()
#18 C:\\laragon\\www\\ARK\\vendor\\laravel\\framework\\src\\Illuminate\\Routing\\Router.php(808): Illuminate\\Routing\\Route->run()
#19 C:\\laragon\\www\\ARK\\vendor\\laravel\\framework\\src\\Illuminate\\Pipeline\\Pipeline.php(169): Illuminate\\Routing\\Router->Illuminate\\Routing\\{closure}(Object(Illuminate\\Http\\Request))
#20 C:\\laragon\\www\\ARK\\app\\Http\\Middleware\\FlashFailedLoginToast.php(44): Illuminate\\Pipeline\\Pipeline->Illuminate\\Pipeline\\{closure}(Object(Illuminate\\Http\\Request))
#21 C:\\laragon\\www\\ARK\\vendor\\laravel\\framework\\src\\Illuminate\\Pipeline\\Pipeline.php(208): App\\Http\\Middleware\\FlashFailedLoginToast->handle(Object(Illuminate\\Http\\Request), Object(Closure))
#22 C:\\laragon\\www\\ARK\\vendor\\laravel\\framework\\src\\Illuminate\\Routing\\Middleware\\SubstituteBindings.php(50): Illuminate\\Pipeline\\Pipeline->Illuminate\\Pipeline\\{closure}(Object(Illuminate\\Http\\Request))
#23 C:\\laragon\\www\\ARK\\vendor\\laravel\\framework\\src\\Illuminate\\Pipeline\\Pipeline.php(208): Illuminate\\Routing\\Middleware\\SubstituteBindings->handle(Object(Illuminate\\Http\\Request), Object(Closure))
#24 C:\\laragon\\www\\ARK\\vendor\\laravel\\framework\\src\\Illuminate\\Foundation\\Http\\Middleware\\VerifyCsrfToken.php(87): Illuminate\\Pipeline\\Pipeline->Illuminate\\Pipeline\\{closure}(Object(Illuminate\\Http\\Request))
#25 C:\\laragon\\www\\ARK\\vendor\\laravel\\framework\\src\\Illuminate\\Pipeline\\Pipeline.php(208): Illuminate\\Foundation\\Http\\Middleware\\VerifyCsrfToken->handle(Object(Illuminate\\Http\\Request), Object(Closure))
#26 C:\\laragon\\www\\ARK\\vendor\\laravel\\framework\\src\\Illuminate\\View\\Middleware\\ShareErrorsFromSession.php(48): Illuminate\\Pipeline\\Pipeline->Illuminate\\Pipeline\\{closure}(Object(Illuminate\\Http\\Request))
#27 C:\\laragon\\www\\ARK\\vendor\\laravel\\framework\\src\\Illuminate\\Pipeline\\Pipeline.php(208): Illuminate\\View\\Middleware\\ShareErrorsFromSession->handle(Object(Illuminate\\Http\\Request), Object(Closure))
#28 C:\\laragon\\www\\ARK\\vendor\\laravel\\framework\\src\\Illuminate\\Session\\Middleware\\StartSession.php(120): Illuminate\\Pipeline\\Pipeline->Illuminate\\Pipeline\\{closure}(Object(Illuminate\\Http\\Request))
#29 C:\\laragon\\www\\ARK\\vendor\\laravel\\framework\\src\\Illuminate\\Session\\Middleware\\StartSession.php(63): Illuminate\\Session\\Middleware\\StartSession->handleStatefulRequest(Object(Illuminate\\Http\\Request), Object(Illuminate\\Session\\Store), Object(Closure))
#30 C:\\laragon\\www\\ARK\\vendor\\laravel\\framework\\src\\Illuminate\\Pipeline\\Pipeline.php(208): Illuminate\\Session\\Middleware\\StartSession->handle(Object(Illuminate\\Http\\Request), Object(Closure))
#31 C:\\laragon\\www\\ARK\\vendor\\laravel\\framework\\src\\Illuminate\\Cookie\\Middleware\\AddQueuedCookiesToResponse.php(36): Illuminate\\Pipeline\\Pipeline->Illuminate\\Pipeline\\{closure}(Object(Illuminate\\Http\\Request))
#32 C:\\laragon\\www\\ARK\\vendor\\laravel\\framework\\src\\Illuminate\\Pipeline\\Pipeline.php(208): Illuminate\\Cookie\\Middleware\\AddQueuedCookiesToResponse->handle(Object(Illuminate\\Http\\Request), Object(Closure))
#33 C:\\laragon\\www\\ARK\\vendor\\laravel\\framework\\src\\Illuminate\\Cookie\\Middleware\\EncryptCookies.php(74): Illuminate\\Pipeline\\Pipeline->Illuminate\\Pipeline\\{closure}(Object(Illuminate\\Http\\Request))
#34 C:\\laragon\\www\\ARK\\vendor\\laravel\\framework\\src\\Illuminate\\Pipeline\\Pipeline.php(208): Illuminate\\Cookie\\Middleware\\EncryptCookies->handle(Object(Illuminate\\Http\\Request), Object(Closure))
#35 C:\\laragon\\www\\ARK\\vendor\\laravel\\framework\\src\\Illuminate\\Pipeline\\Pipeline.php(126): Illuminate\\Pipeline\\Pipeline->Illuminate\\Pipeline\\{closure}(Object(Illuminate\\Http\\Request))
#36 C:\\laragon\\www\\ARK\\vendor\\laravel\\framework\\src\\Illuminate\\Routing\\Router.php(807): Illuminate\\Pipeline\\Pipeline->then(Object(Closure))
#37 C:\\laragon\\www\\ARK\\vendor\\laravel\\framework\\src\\Illuminate\\Routing\\Router.php(786): Illuminate\\Routing\\Router->runRouteWithinStack(Object(Illuminate\\Routing\\Route), Object(Illuminate\\Http\\Request))
#38 C:\\laragon\\www\\ARK\\vendor\\laravel\\framework\\src\\Illuminate\\Routing\\Router.php(750): Illuminate\\Routing\\Router->runRoute(Object(Illuminate\\Http\\Request), Object(Illuminate\\Routing\\Route))
#39 C:\\laragon\\www\\ARK\\vendor\\laravel\\framework\\src\\Illuminate\\Routing\\Router.php(739): Illuminate\\Routing\\Router->dispatchToRoute(Object(Illuminate\\Http\\Request))
#40 C:\\laragon\\www\\ARK\\vendor\\laravel\\framework\\src\\Illuminate\\Foundation\\Http\\Kernel.php(200): Illuminate\\Routing\\Router->dispatch(Object(Illuminate\\Http\\Request))
#41 C:\\laragon\\www\\ARK\\vendor\\laravel\\framework\\src\\Illuminate\\Pipeline\\Pipeline.php(169): Illuminate\\Foundation\\Http\\Kernel->Illuminate\\Foundation\\Http\\{closure}(Object(Illuminate\\Http\\Request))
#42 C:\\laragon\\www\\ARK\\vendor\\livewire\\livewire\\src\\Features\\SupportDisablingBackButtonCache\\DisableBackButtonCacheMiddleware.php(19): Illuminate\\Pipeline\\Pipeline->Illuminate\\Pipeline\\{closure}(Object(Illuminate\\Http\\Request))
#43 C:\\laragon\\www\\ARK\\vendor\\laravel\\framework\\src\\Illuminate\\Pipeline\\Pipeline.php(208): Livewire\\Features\\SupportDisablingBackButtonCache\\DisableBackButtonCacheMiddleware->handle(Object(Illuminate\\Http\\Request), Object(Closure))
#44 C:\\laragon\\www\\ARK\\vendor\\laravel\\framework\\src\\Illuminate\\Foundation\\Http\\Middleware\\ConvertEmptyStringsToNull.php(27): Illuminate\\Pipeline\\Pipeline->Illuminate\\Pipeline\\{closure}(Object(Illuminate\\Http\\Request))
#45 C:\\laragon\\www\\ARK\\vendor\\laravel\\framework\\src\\Illuminate\\Pipeline\\Pipeline.php(208): Illuminate\\Foundation\\Http\\Middleware\\ConvertEmptyStringsToNull->handle(Object(Illuminate\\Http\\Request), Object(Closure))
#46 C:\\laragon\\www\\ARK\\vendor\\laravel\\framework\\src\\Illuminate\\Foundation\\Http\\Middleware\\TrimStrings.php(47): Illuminate\\Pipeline\\Pipeline->Illuminate\\Pipeline\\{closure}(Object(Illuminate\\Http\\Request))
#47 C:\\laragon\\www\\ARK\\vendor\\laravel\\framework\\src\\Illuminate\\Pipeline\\Pipeline.php(208): Illuminate\\Foundation\\Http\\Middleware\\TrimStrings->handle(Object(Illuminate\\Http\\Request), Object(Closure))
#48 C:\\laragon\\www\\ARK\\vendor\\laravel\\framework\\src\\Illuminate\\Http\\Middleware\\ValidatePostSize.php(27): Illuminate\\Pipeline\\Pipeline->Illuminate\\Pipeline\\{closure}(Object(Illuminate\\Http\\Request))
#49 C:\\laragon\\www\\ARK\\vendor\\laravel\\framework\\src\\Illuminate\\Pipeline\\Pipeline.php(208): Illuminate\\Http\\Middleware\\ValidatePostSize->handle(Object(Illuminate\\Http\\Request), Object(Closure))
#50 C:\\laragon\\www\\ARK\\vendor\\laravel\\framework\\src\\Illuminate\\Foundation\\Http\\Middleware\\PreventRequestsDuringMaintenance.php(109): Illuminate\\Pipeline\\Pipeline->Illuminate\\Pipeline\\{closure}(Object(Illuminate\\Http\\Request))
#51 C:\\laragon\\www\\ARK\\vendor\\laravel\\framework\\src\\Illuminate\\Pipeline\\Pipeline.php(208): Illuminate\\Foundation\\Http\\Middleware\\PreventRequestsDuringMaintenance->handle(Object(Illuminate\\Http\\Request), Object(Closure))
#52 C:\\laragon\\www\\ARK\\vendor\\laravel\\framework\\src\\Illuminate\\Http\\Middleware\\HandleCors.php(48): Illuminate\\Pipeline\\Pipeline->Illuminate\\Pipeline\\{closure}(Object(Illuminate\\Http\\Request))
#53 C:\\laragon\\www\\ARK\\vendor\\laravel\\framework\\src\\Illuminate\\Pipeline\\Pipeline.php(208): Illuminate\\Http\\Middleware\\HandleCors->handle(Object(Illuminate\\Http\\Request), Object(Closure))
#54 C:\\laragon\\www\\ARK\\vendor\\laravel\\framework\\src\\Illuminate\\Http\\Middleware\\TrustProxies.php(58): Illuminate\\Pipeline\\Pipeline->Illuminate\\Pipeline\\{closure}(Object(Illuminate\\Http\\Request))
#55 C:\\laragon\\www\\ARK\\vendor\\laravel\\framework\\src\\Illuminate\\Pipeline\\Pipeline.php(208): Illuminate\\Http\\Middleware\\TrustProxies->handle(Object(Illuminate\\Http\\Request), Object(Closure))
#56 C:\\laragon\\www\\ARK\\vendor\\laravel\\framework\\src\\Illuminate\\Foundation\\Http\\Middleware\\InvokeDeferredCallbacks.php(22): Illuminate\\Pipeline\\Pipeline->Illuminate\\Pipeline\\{closure}(Object(Illuminate\\Http\\Request))
#57 C:\\laragon\\www\\ARK\\vendor\\laravel\\framework\\src\\Illuminate\\Pipeline\\Pipeline.php(208): Illuminate\\Foundation\\Http\\Middleware\\InvokeDeferredCallbacks->handle(Object(Illuminate\\Http\\Request), Object(Closure))
#58 C:\\laragon\\www\\ARK\\vendor\\laravel\\framework\\src\\Illuminate\\Http\\Middleware\\ValidatePathEncoding.php(26): Illuminate\\Pipeline\\Pipeline->Illuminate\\Pipeline\\{closure}(Object(Illuminate\\Http\\Request))
#59 C:\\laragon\\www\\ARK\\vendor\\laravel\\framework\\src\\Illuminate\\Pipeline\\Pipeline.php(208): Illuminate\\Http\\Middleware\\ValidatePathEncoding->handle(Object(Illuminate\\Http\\Request), Object(Closure))
#60 C:\\laragon\\www\\ARK\\vendor\\laravel\\framework\\src\\Illuminate\\Pipeline\\Pipeline.php(126): Illuminate\\Pipeline\\Pipeline->Illuminate\\Pipeline\\{closure}(Object(Illuminate\\Http\\Request))
#61 C:\\laragon\\www\\ARK\\vendor\\laravel\\framework\\src\\Illuminate\\Foundation\\Http\\Kernel.php(175): Illuminate\\Pipeline\\Pipeline->then(Object(Closure))
#62 C:\\laragon\\www\\ARK\\vendor\\laravel\\framework\\src\\Illuminate\\Foundation\\Http\\Kernel.php(144): Illuminate\\Foundation\\Http\\Kernel->sendRequestThroughRouter(Object(Illuminate\\Http\\Request))
#63 C:\\laragon\\www\\ARK\\vendor\\laravel\\framework\\src\\Illuminate\\Foundation\\Application.php(1219): Illuminate\\Foundation\\Http\\Kernel->handle(Object(Illuminate\\Http\\Request))
#64 C:\\laragon\\www\\ARK\\public\\index.php(20): Illuminate\\Foundation\\Application->handleRequest(Object(Illuminate\\Http\\Request))
#65 C:\\laragon\\www\\ARK\\vendor\\laravel\\framework\\src\\Illuminate\\Foundation\\resources\\server.php(23): require_once('C:\\\\laragon\\\\www\\\\...')
#66 {main}
"} 
[2025-06-08 19:55:57] local.ERROR: Undefined array key "payment_date" (View: C:\laragon\www\ARK\resources\views\livewire\transaction\transaction-record.blade.php) {"userId":5,"exception":"[object] (Illuminate\\View\\ViewException(code: 0): Undefined array key \"payment_date\" (View: C:\\laragon\\www\\ARK\\resources\\views\\livewire\\transaction\\transaction-record.blade.php) at C:\\laragon\\www\\ARK\\storage\\framework\\views\\a9cc3d44da0af322e35513d249066f53.php:532)
[stacktrace]
#0 C:\\laragon\\www\\ARK\\vendor\\livewire\\livewire\\src\\Mechanisms\\ExtendBlade\\ExtendedCompilerEngine.php(58): Illuminate\\View\\Engines\\CompilerEngine->handleViewException(Object(ErrorException), 1)
#1 C:\\laragon\\www\\ARK\\vendor\\livewire\\livewire\\src\\Mechanisms\\ExtendBlade\\ExtendedCompilerEngine.php(40): Livewire\\Mechanisms\\ExtendBlade\\ExtendedCompilerEngine->handleViewException(Object(ErrorException), 1)
#2 C:\\laragon\\www\\ARK\\vendor\\laravel\\framework\\src\\Illuminate\\View\\Engines\\CompilerEngine.php(74): Livewire\\Mechanisms\\ExtendBlade\\ExtendedCompilerEngine->evaluatePath('C:\\\\laragon\\\\www\\\\...', Array)
#3 C:\\laragon\\www\\ARK\\vendor\\livewire\\livewire\\src\\Mechanisms\\ExtendBlade\\ExtendedCompilerEngine.php(16): Illuminate\\View\\Engines\\CompilerEngine->get('C:\\\\laragon\\\\www\\\\...', Array)
#4 C:\\laragon\\www\\ARK\\vendor\\laravel\\framework\\src\\Illuminate\\View\\View.php(208): Livewire\\Mechanisms\\ExtendBlade\\ExtendedCompilerEngine->get('C:\\\\laragon\\\\www\\\\...', Array)
#5 C:\\laragon\\www\\ARK\\vendor\\laravel\\framework\\src\\Illuminate\\View\\View.php(191): Illuminate\\View\\View->getContents()
#6 C:\\laragon\\www\\ARK\\vendor\\laravel\\framework\\src\\Illuminate\\View\\View.php(160): Illuminate\\View\\View->renderContents()
#7 C:\\laragon\\www\\ARK\\vendor\\livewire\\livewire\\src\\Mechanisms\\HandleComponents\\HandleComponents.php(241): Illuminate\\View\\View->render(Object(Closure))
#8 C:\\laragon\\www\\ARK\\vendor\\livewire\\livewire\\src\\Mechanisms\\HandleComponents\\HandleComponents.php(285): Livewire\\Mechanisms\\HandleComponents\\HandleComponents->Livewire\\Mechanisms\\HandleComponents\\{closure}()
#9 C:\\laragon\\www\\ARK\\vendor\\livewire\\livewire\\src\\Mechanisms\\HandleComponents\\HandleComponents.php(233): Livewire\\Mechanisms\\HandleComponents\\HandleComponents->trackInRenderStack(Object(App\\Livewire\\Transaction\\TransactionRecord), Object(Closure))
#10 C:\\laragon\\www\\ARK\\vendor\\livewire\\livewire\\src\\Mechanisms\\HandleComponents\\HandleComponents.php(104): Livewire\\Mechanisms\\HandleComponents\\HandleComponents->render(Object(App\\Livewire\\Transaction\\TransactionRecord))
#11 C:\\laragon\\www\\ARK\\vendor\\livewire\\livewire\\src\\LivewireManager.php(102): Livewire\\Mechanisms\\HandleComponents\\HandleComponents->update(Array, Array, Array)
#12 C:\\laragon\\www\\ARK\\vendor\\livewire\\livewire\\src\\Mechanisms\\HandleRequests\\HandleRequests.php(94): Livewire\\LivewireManager->update(Array, Array, Array)
#13 C:\\laragon\\www\\ARK\\vendor\\laravel\\framework\\src\\Illuminate\\Routing\\ControllerDispatcher.php(46): Livewire\\Mechanisms\\HandleRequests\\HandleRequests->handleUpdate()
#14 C:\\laragon\\www\\ARK\\vendor\\laravel\\framework\\src\\Illuminate\\Routing\\Route.php(265): Illuminate\\Routing\\ControllerDispatcher->dispatch(Object(Illuminate\\Routing\\Route), Object(Livewire\\Mechanisms\\HandleRequests\\HandleRequests), 'handleUpdate')
#15 C:\\laragon\\www\\ARK\\vendor\\laravel\\framework\\src\\Illuminate\\Routing\\Route.php(211): Illuminate\\Routing\\Route->runController()
#16 C:\\laragon\\www\\ARK\\vendor\\laravel\\framework\\src\\Illuminate\\Routing\\Router.php(808): Illuminate\\Routing\\Route->run()
#17 C:\\laragon\\www\\ARK\\vendor\\laravel\\framework\\src\\Illuminate\\Pipeline\\Pipeline.php(169): Illuminate\\Routing\\Router->Illuminate\\Routing\\{closure}(Object(Illuminate\\Http\\Request))
#18 C:\\laragon\\www\\ARK\\app\\Http\\Middleware\\FlashFailedLoginToast.php(44): Illuminate\\Pipeline\\Pipeline->Illuminate\\Pipeline\\{closure}(Object(Illuminate\\Http\\Request))
#19 C:\\laragon\\www\\ARK\\vendor\\laravel\\framework\\src\\Illuminate\\Pipeline\\Pipeline.php(208): App\\Http\\Middleware\\FlashFailedLoginToast->handle(Object(Illuminate\\Http\\Request), Object(Closure))
#20 C:\\laragon\\www\\ARK\\vendor\\laravel\\framework\\src\\Illuminate\\Routing\\Middleware\\SubstituteBindings.php(50): Illuminate\\Pipeline\\Pipeline->Illuminate\\Pipeline\\{closure}(Object(Illuminate\\Http\\Request))
#21 C:\\laragon\\www\\ARK\\vendor\\laravel\\framework\\src\\Illuminate\\Pipeline\\Pipeline.php(208): Illuminate\\Routing\\Middleware\\SubstituteBindings->handle(Object(Illuminate\\Http\\Request), Object(Closure))
#22 C:\\laragon\\www\\ARK\\vendor\\laravel\\framework\\src\\Illuminate\\Foundation\\Http\\Middleware\\VerifyCsrfToken.php(87): Illuminate\\Pipeline\\Pipeline->Illuminate\\Pipeline\\{closure}(Object(Illuminate\\Http\\Request))
#23 C:\\laragon\\www\\ARK\\vendor\\laravel\\framework\\src\\Illuminate\\Pipeline\\Pipeline.php(208): Illuminate\\Foundation\\Http\\Middleware\\VerifyCsrfToken->handle(Object(Illuminate\\Http\\Request), Object(Closure))
#24 C:\\laragon\\www\\ARK\\vendor\\laravel\\framework\\src\\Illuminate\\View\\Middleware\\ShareErrorsFromSession.php(48): Illuminate\\Pipeline\\Pipeline->Illuminate\\Pipeline\\{closure}(Object(Illuminate\\Http\\Request))
#25 C:\\laragon\\www\\ARK\\vendor\\laravel\\framework\\src\\Illuminate\\Pipeline\\Pipeline.php(208): Illuminate\\View\\Middleware\\ShareErrorsFromSession->handle(Object(Illuminate\\Http\\Request), Object(Closure))
#26 C:\\laragon\\www\\ARK\\vendor\\laravel\\framework\\src\\Illuminate\\Session\\Middleware\\StartSession.php(120): Illuminate\\Pipeline\\Pipeline->Illuminate\\Pipeline\\{closure}(Object(Illuminate\\Http\\Request))
#27 C:\\laragon\\www\\ARK\\vendor\\laravel\\framework\\src\\Illuminate\\Session\\Middleware\\StartSession.php(63): Illuminate\\Session\\Middleware\\StartSession->handleStatefulRequest(Object(Illuminate\\Http\\Request), Object(Illuminate\\Session\\Store), Object(Closure))
#28 C:\\laragon\\www\\ARK\\vendor\\laravel\\framework\\src\\Illuminate\\Pipeline\\Pipeline.php(208): Illuminate\\Session\\Middleware\\StartSession->handle(Object(Illuminate\\Http\\Request), Object(Closure))
#29 C:\\laragon\\www\\ARK\\vendor\\laravel\\framework\\src\\Illuminate\\Cookie\\Middleware\\AddQueuedCookiesToResponse.php(36): Illuminate\\Pipeline\\Pipeline->Illuminate\\Pipeline\\{closure}(Object(Illuminate\\Http\\Request))
#30 C:\\laragon\\www\\ARK\\vendor\\laravel\\framework\\src\\Illuminate\\Pipeline\\Pipeline.php(208): Illuminate\\Cookie\\Middleware\\AddQueuedCookiesToResponse->handle(Object(Illuminate\\Http\\Request), Object(Closure))
#31 C:\\laragon\\www\\ARK\\vendor\\laravel\\framework\\src\\Illuminate\\Cookie\\Middleware\\EncryptCookies.php(74): Illuminate\\Pipeline\\Pipeline->Illuminate\\Pipeline\\{closure}(Object(Illuminate\\Http\\Request))
#32 C:\\laragon\\www\\ARK\\vendor\\laravel\\framework\\src\\Illuminate\\Pipeline\\Pipeline.php(208): Illuminate\\Cookie\\Middleware\\EncryptCookies->handle(Object(Illuminate\\Http\\Request), Object(Closure))
#33 C:\\laragon\\www\\ARK\\vendor\\laravel\\framework\\src\\Illuminate\\Pipeline\\Pipeline.php(126): Illuminate\\Pipeline\\Pipeline->Illuminate\\Pipeline\\{closure}(Object(Illuminate\\Http\\Request))
#34 C:\\laragon\\www\\ARK\\vendor\\laravel\\framework\\src\\Illuminate\\Routing\\Router.php(807): Illuminate\\Pipeline\\Pipeline->then(Object(Closure))
#35 C:\\laragon\\www\\ARK\\vendor\\laravel\\framework\\src\\Illuminate\\Routing\\Router.php(786): Illuminate\\Routing\\Router->runRouteWithinStack(Object(Illuminate\\Routing\\Route), Object(Illuminate\\Http\\Request))
#36 C:\\laragon\\www\\ARK\\vendor\\laravel\\framework\\src\\Illuminate\\Routing\\Router.php(750): Illuminate\\Routing\\Router->runRoute(Object(Illuminate\\Http\\Request), Object(Illuminate\\Routing\\Route))
#37 C:\\laragon\\www\\ARK\\vendor\\laravel\\framework\\src\\Illuminate\\Routing\\Router.php(739): Illuminate\\Routing\\Router->dispatchToRoute(Object(Illuminate\\Http\\Request))
#38 C:\\laragon\\www\\ARK\\vendor\\laravel\\framework\\src\\Illuminate\\Foundation\\Http\\Kernel.php(200): Illuminate\\Routing\\Router->dispatch(Object(Illuminate\\Http\\Request))
#39 C:\\laragon\\www\\ARK\\vendor\\laravel\\framework\\src\\Illuminate\\Pipeline\\Pipeline.php(169): Illuminate\\Foundation\\Http\\Kernel->Illuminate\\Foundation\\Http\\{closure}(Object(Illuminate\\Http\\Request))
#40 C:\\laragon\\www\\ARK\\vendor\\livewire\\livewire\\src\\Features\\SupportDisablingBackButtonCache\\DisableBackButtonCacheMiddleware.php(19): Illuminate\\Pipeline\\Pipeline->Illuminate\\Pipeline\\{closure}(Object(Illuminate\\Http\\Request))
#41 C:\\laragon\\www\\ARK\\vendor\\laravel\\framework\\src\\Illuminate\\Pipeline\\Pipeline.php(208): Livewire\\Features\\SupportDisablingBackButtonCache\\DisableBackButtonCacheMiddleware->handle(Object(Illuminate\\Http\\Request), Object(Closure))
#42 C:\\laragon\\www\\ARK\\vendor\\laravel\\framework\\src\\Illuminate\\Foundation\\Http\\Middleware\\ConvertEmptyStringsToNull.php(27): Illuminate\\Pipeline\\Pipeline->Illuminate\\Pipeline\\{closure}(Object(Illuminate\\Http\\Request))
#43 C:\\laragon\\www\\ARK\\vendor\\laravel\\framework\\src\\Illuminate\\Pipeline\\Pipeline.php(208): Illuminate\\Foundation\\Http\\Middleware\\ConvertEmptyStringsToNull->handle(Object(Illuminate\\Http\\Request), Object(Closure))
#44 C:\\laragon\\www\\ARK\\vendor\\laravel\\framework\\src\\Illuminate\\Foundation\\Http\\Middleware\\TrimStrings.php(47): Illuminate\\Pipeline\\Pipeline->Illuminate\\Pipeline\\{closure}(Object(Illuminate\\Http\\Request))
#45 C:\\laragon\\www\\ARK\\vendor\\laravel\\framework\\src\\Illuminate\\Pipeline\\Pipeline.php(208): Illuminate\\Foundation\\Http\\Middleware\\TrimStrings->handle(Object(Illuminate\\Http\\Request), Object(Closure))
#46 C:\\laragon\\www\\ARK\\vendor\\laravel\\framework\\src\\Illuminate\\Http\\Middleware\\ValidatePostSize.php(27): Illuminate\\Pipeline\\Pipeline->Illuminate\\Pipeline\\{closure}(Object(Illuminate\\Http\\Request))
#47 C:\\laragon\\www\\ARK\\vendor\\laravel\\framework\\src\\Illuminate\\Pipeline\\Pipeline.php(208): Illuminate\\Http\\Middleware\\ValidatePostSize->handle(Object(Illuminate\\Http\\Request), Object(Closure))
#48 C:\\laragon\\www\\ARK\\vendor\\laravel\\framework\\src\\Illuminate\\Foundation\\Http\\Middleware\\PreventRequestsDuringMaintenance.php(109): Illuminate\\Pipeline\\Pipeline->Illuminate\\Pipeline\\{closure}(Object(Illuminate\\Http\\Request))
#49 C:\\laragon\\www\\ARK\\vendor\\laravel\\framework\\src\\Illuminate\\Pipeline\\Pipeline.php(208): Illuminate\\Foundation\\Http\\Middleware\\PreventRequestsDuringMaintenance->handle(Object(Illuminate\\Http\\Request), Object(Closure))
#50 C:\\laragon\\www\\ARK\\vendor\\laravel\\framework\\src\\Illuminate\\Http\\Middleware\\HandleCors.php(48): Illuminate\\Pipeline\\Pipeline->Illuminate\\Pipeline\\{closure}(Object(Illuminate\\Http\\Request))
#51 C:\\laragon\\www\\ARK\\vendor\\laravel\\framework\\src\\Illuminate\\Pipeline\\Pipeline.php(208): Illuminate\\Http\\Middleware\\HandleCors->handle(Object(Illuminate\\Http\\Request), Object(Closure))
#52 C:\\laragon\\www\\ARK\\vendor\\laravel\\framework\\src\\Illuminate\\Http\\Middleware\\TrustProxies.php(58): Illuminate\\Pipeline\\Pipeline->Illuminate\\Pipeline\\{closure}(Object(Illuminate\\Http\\Request))
#53 C:\\laragon\\www\\ARK\\vendor\\laravel\\framework\\src\\Illuminate\\Pipeline\\Pipeline.php(208): Illuminate\\Http\\Middleware\\TrustProxies->handle(Object(Illuminate\\Http\\Request), Object(Closure))
#54 C:\\laragon\\www\\ARK\\vendor\\laravel\\framework\\src\\Illuminate\\Foundation\\Http\\Middleware\\InvokeDeferredCallbacks.php(22): Illuminate\\Pipeline\\Pipeline->Illuminate\\Pipeline\\{closure}(Object(Illuminate\\Http\\Request))
#55 C:\\laragon\\www\\ARK\\vendor\\laravel\\framework\\src\\Illuminate\\Pipeline\\Pipeline.php(208): Illuminate\\Foundation\\Http\\Middleware\\InvokeDeferredCallbacks->handle(Object(Illuminate\\Http\\Request), Object(Closure))
#56 C:\\laragon\\www\\ARK\\vendor\\laravel\\framework\\src\\Illuminate\\Http\\Middleware\\ValidatePathEncoding.php(26): Illuminate\\Pipeline\\Pipeline->Illuminate\\Pipeline\\{closure}(Object(Illuminate\\Http\\Request))
#57 C:\\laragon\\www\\ARK\\vendor\\laravel\\framework\\src\\Illuminate\\Pipeline\\Pipeline.php(208): Illuminate\\Http\\Middleware\\ValidatePathEncoding->handle(Object(Illuminate\\Http\\Request), Object(Closure))
#58 C:\\laragon\\www\\ARK\\vendor\\laravel\\framework\\src\\Illuminate\\Pipeline\\Pipeline.php(126): Illuminate\\Pipeline\\Pipeline->Illuminate\\Pipeline\\{closure}(Object(Illuminate\\Http\\Request))
#59 C:\\laragon\\www\\ARK\\vendor\\laravel\\framework\\src\\Illuminate\\Foundation\\Http\\Kernel.php(175): Illuminate\\Pipeline\\Pipeline->then(Object(Closure))
#60 C:\\laragon\\www\\ARK\\vendor\\laravel\\framework\\src\\Illuminate\\Foundation\\Http\\Kernel.php(144): Illuminate\\Foundation\\Http\\Kernel->sendRequestThroughRouter(Object(Illuminate\\Http\\Request))
#61 C:\\laragon\\www\\ARK\\vendor\\laravel\\framework\\src\\Illuminate\\Foundation\\Application.php(1219): Illuminate\\Foundation\\Http\\Kernel->handle(Object(Illuminate\\Http\\Request))
#62 C:\\laragon\\www\\ARK\\public\\index.php(20): Illuminate\\Foundation\\Application->handleRequest(Object(Illuminate\\Http\\Request))
#63 C:\\laragon\\www\\ARK\\vendor\\laravel\\framework\\src\\Illuminate\\Foundation\\resources\\server.php(23): require_once('C:\\\\laragon\\\\www\\\\...')
#64 {main}

[previous exception] [object] (ErrorException(code: 0): Undefined array key \"payment_date\" at C:\\laragon\\www\\ARK\\storage\\framework\\views\\a9cc3d44da0af322e35513d249066f53.php:532)
[stacktrace]
#0 C:\\laragon\\www\\ARK\\vendor\\laravel\\framework\\src\\Illuminate\\Foundation\\Bootstrap\\HandleExceptions.php(256): Illuminate\\Foundation\\Bootstrap\\HandleExceptions->handleError(2, 'Undefined array...', 'C:\\\\laragon\\\\www\\\\...', 532)
#1 C:\\laragon\\www\\ARK\\storage\\framework\\views\\a9cc3d44da0af322e35513d249066f53.php(532): Illuminate\\Foundation\\Bootstrap\\HandleExceptions->Illuminate\\Foundation\\Bootstrap\\{closure}(2, 'Undefined array...', 'C:\\\\laragon\\\\www\\\\...', 532)
#2 C:\\laragon\\www\\ARK\\vendor\\livewire\\livewire\\src\\Mechanisms\\ExtendBlade\\ExtendedCompilerEngine.php(37): include('C:\\\\laragon\\\\www\\\\...')
#3 C:\\laragon\\www\\ARK\\vendor\\livewire\\livewire\\src\\Mechanisms\\ExtendBlade\\ExtendedCompilerEngine.php(38): App\\Livewire\\Transaction\\TransactionRecord->Livewire\\Mechanisms\\ExtendBlade\\{closure}()
#4 C:\\laragon\\www\\ARK\\vendor\\laravel\\framework\\src\\Illuminate\\View\\Engines\\CompilerEngine.php(74): Livewire\\Mechanisms\\ExtendBlade\\ExtendedCompilerEngine->evaluatePath('C:\\\\laragon\\\\www\\\\...', Array)
#5 C:\\laragon\\www\\ARK\\vendor\\livewire\\livewire\\src\\Mechanisms\\ExtendBlade\\ExtendedCompilerEngine.php(16): Illuminate\\View\\Engines\\CompilerEngine->get('C:\\\\laragon\\\\www\\\\...', Array)
#6 C:\\laragon\\www\\ARK\\vendor\\laravel\\framework\\src\\Illuminate\\View\\View.php(208): Livewire\\Mechanisms\\ExtendBlade\\ExtendedCompilerEngine->get('C:\\\\laragon\\\\www\\\\...', Array)
#7 C:\\laragon\\www\\ARK\\vendor\\laravel\\framework\\src\\Illuminate\\View\\View.php(191): Illuminate\\View\\View->getContents()
#8 C:\\laragon\\www\\ARK\\vendor\\laravel\\framework\\src\\Illuminate\\View\\View.php(160): Illuminate\\View\\View->renderContents()
#9 C:\\laragon\\www\\ARK\\vendor\\livewire\\livewire\\src\\Mechanisms\\HandleComponents\\HandleComponents.php(241): Illuminate\\View\\View->render(Object(Closure))
#10 C:\\laragon\\www\\ARK\\vendor\\livewire\\livewire\\src\\Mechanisms\\HandleComponents\\HandleComponents.php(285): Livewire\\Mechanisms\\HandleComponents\\HandleComponents->Livewire\\Mechanisms\\HandleComponents\\{closure}()
#11 C:\\laragon\\www\\ARK\\vendor\\livewire\\livewire\\src\\Mechanisms\\HandleComponents\\HandleComponents.php(233): Livewire\\Mechanisms\\HandleComponents\\HandleComponents->trackInRenderStack(Object(App\\Livewire\\Transaction\\TransactionRecord), Object(Closure))
#12 C:\\laragon\\www\\ARK\\vendor\\livewire\\livewire\\src\\Mechanisms\\HandleComponents\\HandleComponents.php(104): Livewire\\Mechanisms\\HandleComponents\\HandleComponents->render(Object(App\\Livewire\\Transaction\\TransactionRecord))
#13 C:\\laragon\\www\\ARK\\vendor\\livewire\\livewire\\src\\LivewireManager.php(102): Livewire\\Mechanisms\\HandleComponents\\HandleComponents->update(Array, Array, Array)
#14 C:\\laragon\\www\\ARK\\vendor\\livewire\\livewire\\src\\Mechanisms\\HandleRequests\\HandleRequests.php(94): Livewire\\LivewireManager->update(Array, Array, Array)
#15 C:\\laragon\\www\\ARK\\vendor\\laravel\\framework\\src\\Illuminate\\Routing\\ControllerDispatcher.php(46): Livewire\\Mechanisms\\HandleRequests\\HandleRequests->handleUpdate()
#16 C:\\laragon\\www\\ARK\\vendor\\laravel\\framework\\src\\Illuminate\\Routing\\Route.php(265): Illuminate\\Routing\\ControllerDispatcher->dispatch(Object(Illuminate\\Routing\\Route), Object(Livewire\\Mechanisms\\HandleRequests\\HandleRequests), 'handleUpdate')
#17 C:\\laragon\\www\\ARK\\vendor\\laravel\\framework\\src\\Illuminate\\Routing\\Route.php(211): Illuminate\\Routing\\Route->runController()
#18 C:\\laragon\\www\\ARK\\vendor\\laravel\\framework\\src\\Illuminate\\Routing\\Router.php(808): Illuminate\\Routing\\Route->run()
#19 C:\\laragon\\www\\ARK\\vendor\\laravel\\framework\\src\\Illuminate\\Pipeline\\Pipeline.php(169): Illuminate\\Routing\\Router->Illuminate\\Routing\\{closure}(Object(Illuminate\\Http\\Request))
#20 C:\\laragon\\www\\ARK\\app\\Http\\Middleware\\FlashFailedLoginToast.php(44): Illuminate\\Pipeline\\Pipeline->Illuminate\\Pipeline\\{closure}(Object(Illuminate\\Http\\Request))
#21 C:\\laragon\\www\\ARK\\vendor\\laravel\\framework\\src\\Illuminate\\Pipeline\\Pipeline.php(208): App\\Http\\Middleware\\FlashFailedLoginToast->handle(Object(Illuminate\\Http\\Request), Object(Closure))
#22 C:\\laragon\\www\\ARK\\vendor\\laravel\\framework\\src\\Illuminate\\Routing\\Middleware\\SubstituteBindings.php(50): Illuminate\\Pipeline\\Pipeline->Illuminate\\Pipeline\\{closure}(Object(Illuminate\\Http\\Request))
#23 C:\\laragon\\www\\ARK\\vendor\\laravel\\framework\\src\\Illuminate\\Pipeline\\Pipeline.php(208): Illuminate\\Routing\\Middleware\\SubstituteBindings->handle(Object(Illuminate\\Http\\Request), Object(Closure))
#24 C:\\laragon\\www\\ARK\\vendor\\laravel\\framework\\src\\Illuminate\\Foundation\\Http\\Middleware\\VerifyCsrfToken.php(87): Illuminate\\Pipeline\\Pipeline->Illuminate\\Pipeline\\{closure}(Object(Illuminate\\Http\\Request))
#25 C:\\laragon\\www\\ARK\\vendor\\laravel\\framework\\src\\Illuminate\\Pipeline\\Pipeline.php(208): Illuminate\\Foundation\\Http\\Middleware\\VerifyCsrfToken->handle(Object(Illuminate\\Http\\Request), Object(Closure))
#26 C:\\laragon\\www\\ARK\\vendor\\laravel\\framework\\src\\Illuminate\\View\\Middleware\\ShareErrorsFromSession.php(48): Illuminate\\Pipeline\\Pipeline->Illuminate\\Pipeline\\{closure}(Object(Illuminate\\Http\\Request))
#27 C:\\laragon\\www\\ARK\\vendor\\laravel\\framework\\src\\Illuminate\\Pipeline\\Pipeline.php(208): Illuminate\\View\\Middleware\\ShareErrorsFromSession->handle(Object(Illuminate\\Http\\Request), Object(Closure))
#28 C:\\laragon\\www\\ARK\\vendor\\laravel\\framework\\src\\Illuminate\\Session\\Middleware\\StartSession.php(120): Illuminate\\Pipeline\\Pipeline->Illuminate\\Pipeline\\{closure}(Object(Illuminate\\Http\\Request))
#29 C:\\laragon\\www\\ARK\\vendor\\laravel\\framework\\src\\Illuminate\\Session\\Middleware\\StartSession.php(63): Illuminate\\Session\\Middleware\\StartSession->handleStatefulRequest(Object(Illuminate\\Http\\Request), Object(Illuminate\\Session\\Store), Object(Closure))
#30 C:\\laragon\\www\\ARK\\vendor\\laravel\\framework\\src\\Illuminate\\Pipeline\\Pipeline.php(208): Illuminate\\Session\\Middleware\\StartSession->handle(Object(Illuminate\\Http\\Request), Object(Closure))
#31 C:\\laragon\\www\\ARK\\vendor\\laravel\\framework\\src\\Illuminate\\Cookie\\Middleware\\AddQueuedCookiesToResponse.php(36): Illuminate\\Pipeline\\Pipeline->Illuminate\\Pipeline\\{closure}(Object(Illuminate\\Http\\Request))
#32 C:\\laragon\\www\\ARK\\vendor\\laravel\\framework\\src\\Illuminate\\Pipeline\\Pipeline.php(208): Illuminate\\Cookie\\Middleware\\AddQueuedCookiesToResponse->handle(Object(Illuminate\\Http\\Request), Object(Closure))
#33 C:\\laragon\\www\\ARK\\vendor\\laravel\\framework\\src\\Illuminate\\Cookie\\Middleware\\EncryptCookies.php(74): Illuminate\\Pipeline\\Pipeline->Illuminate\\Pipeline\\{closure}(Object(Illuminate\\Http\\Request))
#34 C:\\laragon\\www\\ARK\\vendor\\laravel\\framework\\src\\Illuminate\\Pipeline\\Pipeline.php(208): Illuminate\\Cookie\\Middleware\\EncryptCookies->handle(Object(Illuminate\\Http\\Request), Object(Closure))
#35 C:\\laragon\\www\\ARK\\vendor\\laravel\\framework\\src\\Illuminate\\Pipeline\\Pipeline.php(126): Illuminate\\Pipeline\\Pipeline->Illuminate\\Pipeline\\{closure}(Object(Illuminate\\Http\\Request))
#36 C:\\laragon\\www\\ARK\\vendor\\laravel\\framework\\src\\Illuminate\\Routing\\Router.php(807): Illuminate\\Pipeline\\Pipeline->then(Object(Closure))
#37 C:\\laragon\\www\\ARK\\vendor\\laravel\\framework\\src\\Illuminate\\Routing\\Router.php(786): Illuminate\\Routing\\Router->runRouteWithinStack(Object(Illuminate\\Routing\\Route), Object(Illuminate\\Http\\Request))
#38 C:\\laragon\\www\\ARK\\vendor\\laravel\\framework\\src\\Illuminate\\Routing\\Router.php(750): Illuminate\\Routing\\Router->runRoute(Object(Illuminate\\Http\\Request), Object(Illuminate\\Routing\\Route))
#39 C:\\laragon\\www\\ARK\\vendor\\laravel\\framework\\src\\Illuminate\\Routing\\Router.php(739): Illuminate\\Routing\\Router->dispatchToRoute(Object(Illuminate\\Http\\Request))
#40 C:\\laragon\\www\\ARK\\vendor\\laravel\\framework\\src\\Illuminate\\Foundation\\Http\\Kernel.php(200): Illuminate\\Routing\\Router->dispatch(Object(Illuminate\\Http\\Request))
#41 C:\\laragon\\www\\ARK\\vendor\\laravel\\framework\\src\\Illuminate\\Pipeline\\Pipeline.php(169): Illuminate\\Foundation\\Http\\Kernel->Illuminate\\Foundation\\Http\\{closure}(Object(Illuminate\\Http\\Request))
#42 C:\\laragon\\www\\ARK\\vendor\\livewire\\livewire\\src\\Features\\SupportDisablingBackButtonCache\\DisableBackButtonCacheMiddleware.php(19): Illuminate\\Pipeline\\Pipeline->Illuminate\\Pipeline\\{closure}(Object(Illuminate\\Http\\Request))
#43 C:\\laragon\\www\\ARK\\vendor\\laravel\\framework\\src\\Illuminate\\Pipeline\\Pipeline.php(208): Livewire\\Features\\SupportDisablingBackButtonCache\\DisableBackButtonCacheMiddleware->handle(Object(Illuminate\\Http\\Request), Object(Closure))
#44 C:\\laragon\\www\\ARK\\vendor\\laravel\\framework\\src\\Illuminate\\Foundation\\Http\\Middleware\\ConvertEmptyStringsToNull.php(27): Illuminate\\Pipeline\\Pipeline->Illuminate\\Pipeline\\{closure}(Object(Illuminate\\Http\\Request))
#45 C:\\laragon\\www\\ARK\\vendor\\laravel\\framework\\src\\Illuminate\\Pipeline\\Pipeline.php(208): Illuminate\\Foundation\\Http\\Middleware\\ConvertEmptyStringsToNull->handle(Object(Illuminate\\Http\\Request), Object(Closure))
#46 C:\\laragon\\www\\ARK\\vendor\\laravel\\framework\\src\\Illuminate\\Foundation\\Http\\Middleware\\TrimStrings.php(47): Illuminate\\Pipeline\\Pipeline->Illuminate\\Pipeline\\{closure}(Object(Illuminate\\Http\\Request))
#47 C:\\laragon\\www\\ARK\\vendor\\laravel\\framework\\src\\Illuminate\\Pipeline\\Pipeline.php(208): Illuminate\\Foundation\\Http\\Middleware\\TrimStrings->handle(Object(Illuminate\\Http\\Request), Object(Closure))
#48 C:\\laragon\\www\\ARK\\vendor\\laravel\\framework\\src\\Illuminate\\Http\\Middleware\\ValidatePostSize.php(27): Illuminate\\Pipeline\\Pipeline->Illuminate\\Pipeline\\{closure}(Object(Illuminate\\Http\\Request))
#49 C:\\laragon\\www\\ARK\\vendor\\laravel\\framework\\src\\Illuminate\\Pipeline\\Pipeline.php(208): Illuminate\\Http\\Middleware\\ValidatePostSize->handle(Object(Illuminate\\Http\\Request), Object(Closure))
#50 C:\\laragon\\www\\ARK\\vendor\\laravel\\framework\\src\\Illuminate\\Foundation\\Http\\Middleware\\PreventRequestsDuringMaintenance.php(109): Illuminate\\Pipeline\\Pipeline->Illuminate\\Pipeline\\{closure}(Object(Illuminate\\Http\\Request))
#51 C:\\laragon\\www\\ARK\\vendor\\laravel\\framework\\src\\Illuminate\\Pipeline\\Pipeline.php(208): Illuminate\\Foundation\\Http\\Middleware\\PreventRequestsDuringMaintenance->handle(Object(Illuminate\\Http\\Request), Object(Closure))
#52 C:\\laragon\\www\\ARK\\vendor\\laravel\\framework\\src\\Illuminate\\Http\\Middleware\\HandleCors.php(48): Illuminate\\Pipeline\\Pipeline->Illuminate\\Pipeline\\{closure}(Object(Illuminate\\Http\\Request))
#53 C:\\laragon\\www\\ARK\\vendor\\laravel\\framework\\src\\Illuminate\\Pipeline\\Pipeline.php(208): Illuminate\\Http\\Middleware\\HandleCors->handle(Object(Illuminate\\Http\\Request), Object(Closure))
#54 C:\\laragon\\www\\ARK\\vendor\\laravel\\framework\\src\\Illuminate\\Http\\Middleware\\TrustProxies.php(58): Illuminate\\Pipeline\\Pipeline->Illuminate\\Pipeline\\{closure}(Object(Illuminate\\Http\\Request))
#55 C:\\laragon\\www\\ARK\\vendor\\laravel\\framework\\src\\Illuminate\\Pipeline\\Pipeline.php(208): Illuminate\\Http\\Middleware\\TrustProxies->handle(Object(Illuminate\\Http\\Request), Object(Closure))
#56 C:\\laragon\\www\\ARK\\vendor\\laravel\\framework\\src\\Illuminate\\Foundation\\Http\\Middleware\\InvokeDeferredCallbacks.php(22): Illuminate\\Pipeline\\Pipeline->Illuminate\\Pipeline\\{closure}(Object(Illuminate\\Http\\Request))
#57 C:\\laragon\\www\\ARK\\vendor\\laravel\\framework\\src\\Illuminate\\Pipeline\\Pipeline.php(208): Illuminate\\Foundation\\Http\\Middleware\\InvokeDeferredCallbacks->handle(Object(Illuminate\\Http\\Request), Object(Closure))
#58 C:\\laragon\\www\\ARK\\vendor\\laravel\\framework\\src\\Illuminate\\Http\\Middleware\\ValidatePathEncoding.php(26): Illuminate\\Pipeline\\Pipeline->Illuminate\\Pipeline\\{closure}(Object(Illuminate\\Http\\Request))
#59 C:\\laragon\\www\\ARK\\vendor\\laravel\\framework\\src\\Illuminate\\Pipeline\\Pipeline.php(208): Illuminate\\Http\\Middleware\\ValidatePathEncoding->handle(Object(Illuminate\\Http\\Request), Object(Closure))
#60 C:\\laragon\\www\\ARK\\vendor\\laravel\\framework\\src\\Illuminate\\Pipeline\\Pipeline.php(126): Illuminate\\Pipeline\\Pipeline->Illuminate\\Pipeline\\{closure}(Object(Illuminate\\Http\\Request))
#61 C:\\laragon\\www\\ARK\\vendor\\laravel\\framework\\src\\Illuminate\\Foundation\\Http\\Kernel.php(175): Illuminate\\Pipeline\\Pipeline->then(Object(Closure))
#62 C:\\laragon\\www\\ARK\\vendor\\laravel\\framework\\src\\Illuminate\\Foundation\\Http\\Kernel.php(144): Illuminate\\Foundation\\Http\\Kernel->sendRequestThroughRouter(Object(Illuminate\\Http\\Request))
#63 C:\\laragon\\www\\ARK\\vendor\\laravel\\framework\\src\\Illuminate\\Foundation\\Application.php(1219): Illuminate\\Foundation\\Http\\Kernel->handle(Object(Illuminate\\Http\\Request))
#64 C:\\laragon\\www\\ARK\\public\\index.php(20): Illuminate\\Foundation\\Application->handleRequest(Object(Illuminate\\Http\\Request))
#65 C:\\laragon\\www\\ARK\\vendor\\laravel\\framework\\src\\Illuminate\\Foundation\\resources\\server.php(23): require_once('C:\\\\laragon\\\\www\\\\...')
#66 {main}
"} 
[2025-06-08 20:00:58] local.INFO: Search results:   
[2025-06-08 20:01:00] local.INFO: Search results:   
[2025-06-08 20:01:03] local.INFO: Search results:  [{"id":9,"family_name":"Wynter Branch","first_name":"Sylvia","middle_name":"Clarke Morrow","birthdate":"2011-07-04T16:00:00.000000Z","birthplace":"Eos est est consequa","sex":"Female","civil_status":"Widowed","permanent_address":"Dolore consequatur","telephone":"+1 (699) 311-3792","fax":"+1 (614) 514-2006","mobile":"998","facebook_id":"Ipsum veritatis tem","twitter_id":"Excepteur voluptates","skype_id":"Ullamco dolorem eu e","website":"https://www.fumuropete.ca","email":"lorjohnra143@gmail.com","email_verified_at":null,"username":"lorjohnra143@gmail.com","two_factor_confirmed_at":null,"temp_password":null,"is_approved":1,"credentials_sent_at":null,"current_team_id":null,"profile_photo_path":null,"force_password_change":1,"company_name":"Poole Moreno Associates","company_address":"Elit vitae temporib","company_telephone":null,"company_fax":null,"designation":"Vero veritatis velit","school_graduated":"Consequatur eum con","year_graduated":1998,"honors":"Dolor est dolore eu","post_graduate_school":"Sequi voluptates sed","post_graduate_year":2006,"post_graduate_honors":"Occaecat accusamus v","special_courses":"Est aut quia tempori","awards":"Ea debitis possimus","prc_registration_number":"33","prc_date_issued":"1970-03-15T16:00:00.000000Z","prc_valid_until":"1993-06-05T16:00:00.000000Z","expertise":"Quia ullamco obcaeca","years_of_practice":1991,"practice_type":"Government","services_rendered":"Nobis placeat odio","cpe_seminars_attended":"Vel ad aut dolor eum","current_chapter":"Do quia veniam omni","previous_chapter":"Qui corrupti dolori","positions_held":"Aut recusandae Aute","status":"approved","remarks":null,"created_at":"2025-06-08T11:59:16.000000Z","updated_at":"2025-06-08T11:59:33.000000Z","profile_photo_url":"https://ui-avatars.com/api/?name=&color=7F9CF5&background=EBF4FF"}] 
[2025-06-08 20:01:08] local.INFO: Saving member with data:  {"selectedUserId":9,"newMember":{"role":"admin"}} 
[2025-06-08 20:02:02] local.INFO: Search results:  [{"id":5,"family_name":"Oscar Paul","first_name":"Blair","middle_name":"Linda Valenzuela","birthdate":"1986-04-03T16:00:00.000000Z","birthplace":"Nesciunt dolore mag","sex":"Other","civil_status":"Widowed","permanent_address":"Ipsam nisi sed exerc","telephone":"+1 (495) 691-8881","fax":"+1 (275) 653-6487","mobile":"25432131232","facebook_id":"At dolor incididunt","twitter_id":"Ea perferendis nihil","skype_id":"Sit omnis ea ipsam l","website":"https://www.padotujosak.mobi","email":"lorjohn143@gmail.com","email_verified_at":null,"username":"lorjohn143@gmail.com","two_factor_confirmed_at":null,"temp_password":null,"is_approved":1,"credentials_sent_at":null,"current_team_id":null,"profile_photo_path":"profile-photos/UVBNBeqJiVOaIO8BBY60XzG8xckrZX6paqP5d8Kk.jpg","force_password_change":0,"company_name":"Mason and Abbott Associates","company_address":"Et voluptatem impedi","company_telephone":null,"company_fax":null,"designation":"Illum minus qui adi","school_graduated":"Voluptate voluptas q","year_graduated":2007,"honors":"Minima sunt ex elige","post_graduate_school":"Voluptatibus deserun","post_graduate_year":1990,"post_graduate_honors":"Aut libero quidem es","special_courses":"Voluptates et non in","awards":"Earum veniam vero c","prc_registration_number":"313","prc_date_issued":"2016-05-30T16:00:00.000000Z","prc_valid_until":"1990-02-15T16:00:00.000000Z","expertise":"A facere proident a","years_of_practice":1986,"practice_type":"Government","services_rendered":"Beatae recusandae V","cpe_seminars_attended":"Et voluptatem Persp","current_chapter":"Laborum Enim omnis","previous_chapter":"Doloremque ipsa id","positions_held":"Corrupti non conseq","status":"approved","remarks":null,"created_at":"2025-06-06T07:19:43.000000Z","updated_at":"2025-06-07T20:16:08.000000Z","profile_photo_url":"http://localhost/storage/profile-photos/UVBNBeqJiVOaIO8BBY60XzG8xckrZX6paqP5d8Kk.jpg"},{"id":9,"family_name":"Wynter Branch","first_name":"Sylvia","middle_name":"Clarke Morrow","birthdate":"2011-07-04T16:00:00.000000Z","birthplace":"Eos est est consequa","sex":"Female","civil_status":"Widowed","permanent_address":"Dolore consequatur","telephone":"+1 (699) 311-3792","fax":"+1 (614) 514-2006","mobile":"998","facebook_id":"Ipsum veritatis tem","twitter_id":"Excepteur voluptates","skype_id":"Ullamco dolorem eu e","website":"https://www.fumuropete.ca","email":"lorjohnra143@gmail.com","email_verified_at":null,"username":"lorjohnra143@gmail.com","two_factor_confirmed_at":null,"temp_password":null,"is_approved":1,"credentials_sent_at":null,"current_team_id":null,"profile_photo_path":null,"force_password_change":1,"company_name":"Poole Moreno Associates","company_address":"Elit vitae temporib","company_telephone":null,"company_fax":null,"designation":"Vero veritatis velit","school_graduated":"Consequatur eum con","year_graduated":1998,"honors":"Dolor est dolore eu","post_graduate_school":"Sequi voluptates sed","post_graduate_year":2006,"post_graduate_honors":"Occaecat accusamus v","special_courses":"Est aut quia tempori","awards":"Ea debitis possimus","prc_registration_number":"33","prc_date_issued":"1970-03-15T16:00:00.000000Z","prc_valid_until":"1993-06-05T16:00:00.000000Z","expertise":"Quia ullamco obcaeca","years_of_practice":1991,"practice_type":"Government","services_rendered":"Nobis placeat odio","cpe_seminars_attended":"Vel ad aut dolor eum","current_chapter":"Do quia veniam omni","previous_chapter":"Qui corrupti dolori","positions_held":"Aut recusandae Aute","status":"approved","remarks":null,"created_at":"2025-06-08T11:59:16.000000Z","updated_at":"2025-06-08T11:59:33.000000Z","profile_photo_url":"https://ui-avatars.com/api/?name=&color=7F9CF5&background=EBF4FF"}] 
[2025-06-08 20:02:07] local.INFO: Saving member with data:  {"selectedUserId":9,"newMember":{"role":"admin"}} 
[2025-06-08 20:08:09] local.INFO: Dues computation generated {"reference_number":"REQ-20250608-f3d0834f","member_id":5,"dues_count":1,"unpaid_only":false} 
[2025-06-08 20:08:33] local.INFO: Dues computation reply sent and status updated {"reference_number":"REQ-20250608-f3d0834f","member_id":5,"reply_id":21} 
[2025-06-08 20:13:22] local.INFO: Dues computation generated {"reference_number":"REQ-20250608-4a72bf11","member_id":5,"dues_count":2,"unpaid_only":false} 
[2025-06-08 20:13:56] local.INFO: Dues computation reply sent and status updated {"reference_number":"REQ-20250608-4a72bf11","member_id":5,"reply_id":22} 
[2025-06-08 20:14:48] local.INFO: Dues computation generated {"reference_number":"REQ-20250608-4a72bf11","member_id":5,"dues_count":2,"unpaid_only":false} 
[2025-06-08 20:19:44] local.INFO: Original members count: 2  
[2025-06-08 20:19:44] local.INFO: Processing member:  {"id":5,"name":"Oscar Paul Linda Valenzuela Blair","prc_no":"313","email":"lorjohn143@gmail.com","phone":"25432131232","payment_status":"unpaid","date_added":"2025-06-06 03:19 PM","notification_methods":"{\"email\":true,\"app\":true}"} 
[2025-06-08 20:19:44] local.INFO: Original user notification methods:   
[2025-06-08 20:19:44] local.INFO: Overridden user notification methods: {"email":false,"sms":false,"app":false}  
[2025-06-08 20:19:44] local.INFO: Processing member:  {"id":9,"name":"Wynter Branch Clarke Morrow Sylvia","prc_no":"33","email":"lorjohnra143@gmail.com","phone":"998","payment_status":"unpaid","date_added":"2025-06-08 07:59 PM","notification_methods":"{\"email\":true,\"app\":true}"} 
[2025-06-08 20:19:44] local.INFO: Original user notification methods:   
[2025-06-08 20:19:44] local.INFO: Overridden user notification methods: {"email":false,"sms":false,"app":false}  
[2025-06-08 20:19:44] local.INFO: Sending reminder to 2 recipients  
[2025-06-08 20:19:44] local.INFO: Selected notification methods:  {"email":false,"sms":false,"app":false} 
[2025-06-08 20:19:44] local.INFO: Recipient 0 full details:  {"id":5,"middle_name":"Linda Valenzuela","first_name":"Blair","family_name":"Oscar Paul","email":"lorjohn143@gmail.com","phone":"NO PHONE","mobile":"25432131232","notification_methods":"{\"email\":false,\"sms\":false,\"app\":false}","class":"App\\Models\\User"} 
[2025-06-08 20:19:44] local.INFO: Recipient 1 full details:  {"id":9,"middle_name":"Clarke Morrow","first_name":"Sylvia","family_name":"Wynter Branch","email":"lorjohnra143@gmail.com","phone":"NO PHONE","mobile":"998","notification_methods":"{\"email\":false,\"sms\":false,\"app\":false}","class":"App\\Models\\User"} 
[2025-06-08 20:19:44] local.INFO: Reminder details:  {"id":1,"title":"Membership Due Fiscal Year 2024-2025","description":"Please Pay your Membership Fee to avoid penalties. Thank You.!","start_datetime":"2025-06-04 17:55:00","end_datetime":"2025-06-06 17:50:00"} 
[2025-06-08 20:19:44] local.INFO: Recipients array being passed to service:  [{"id":5,"family_name":"Oscar Paul","first_name":"Blair","middle_name":"Linda Valenzuela","birthdate":"1986-04-03T16:00:00.000000Z","birthplace":"Nesciunt dolore mag","sex":"Other","civil_status":"Widowed","permanent_address":"Ipsam nisi sed exerc","telephone":"+1 (495) 691-8881","fax":"+1 (275) 653-6487","mobile":"25432131232","facebook_id":"At dolor incididunt","twitter_id":"Ea perferendis nihil","skype_id":"Sit omnis ea ipsam l","website":"https://www.padotujosak.mobi","email":"lorjohn143@gmail.com","email_verified_at":null,"username":"lorjohn143@gmail.com","two_factor_confirmed_at":null,"temp_password":null,"is_approved":1,"credentials_sent_at":null,"current_team_id":null,"profile_photo_path":"profile-photos/UVBNBeqJiVOaIO8BBY60XzG8xckrZX6paqP5d8Kk.jpg","force_password_change":0,"company_name":"Mason and Abbott Associates","company_address":"Et voluptatem impedi","company_telephone":null,"company_fax":null,"designation":"Illum minus qui adi","school_graduated":"Voluptate voluptas q","year_graduated":2007,"honors":"Minima sunt ex elige","post_graduate_school":"Voluptatibus deserun","post_graduate_year":1990,"post_graduate_honors":"Aut libero quidem es","special_courses":"Voluptates et non in","awards":"Earum veniam vero c","prc_registration_number":"313","prc_date_issued":"2016-05-30T16:00:00.000000Z","prc_valid_until":"1990-02-15T16:00:00.000000Z","expertise":"A facere proident a","years_of_practice":1986,"practice_type":"Government","services_rendered":"Beatae recusandae V","cpe_seminars_attended":"Et voluptatem Persp","current_chapter":"Laborum Enim omnis","previous_chapter":"Doloremque ipsa id","positions_held":"Corrupti non conseq","status":"approved","remarks":null,"created_at":"2025-06-06T07:19:43.000000Z","updated_at":"2025-06-07T20:16:08.000000Z","notification_methods":"{\"email\":false,\"sms\":false,\"app\":false}","profile_photo_url":"http://localhost/storage/profile-photos/UVBNBeqJiVOaIO8BBY60XzG8xckrZX6paqP5d8Kk.jpg"},{"id":9,"family_name":"Wynter Branch","first_name":"Sylvia","middle_name":"Clarke Morrow","birthdate":"2011-07-04T16:00:00.000000Z","birthplace":"Eos est est consequa","sex":"Female","civil_status":"Widowed","permanent_address":"Dolore consequatur","telephone":"+1 (699) 311-3792","fax":"+1 (614) 514-2006","mobile":"998","facebook_id":"Ipsum veritatis tem","twitter_id":"Excepteur voluptates","skype_id":"Ullamco dolorem eu e","website":"https://www.fumuropete.ca","email":"lorjohnra143@gmail.com","email_verified_at":null,"username":"lorjohnra143@gmail.com","two_factor_confirmed_at":null,"temp_password":null,"is_approved":1,"credentials_sent_at":null,"current_team_id":null,"profile_photo_path":null,"force_password_change":1,"company_name":"Poole Moreno Associates","company_address":"Elit vitae temporib","company_telephone":null,"company_fax":null,"designation":"Vero veritatis velit","school_graduated":"Consequatur eum con","year_graduated":1998,"honors":"Dolor est dolore eu","post_graduate_school":"Sequi voluptates sed","post_graduate_year":2006,"post_graduate_honors":"Occaecat accusamus v","special_courses":"Est aut quia tempori","awards":"Ea debitis possimus","prc_registration_number":"33","prc_date_issued":"1970-03-15T16:00:00.000000Z","prc_valid_until":"1993-06-05T16:00:00.000000Z","expertise":"Quia ullamco obcaeca","years_of_practice":1991,"practice_type":"Government","services_rendered":"Nobis placeat odio","cpe_seminars_attended":"Vel ad aut dolor eum","current_chapter":"Do quia veniam omni","previous_chapter":"Qui corrupti dolori","positions_held":"Aut recusandae Aute","status":"approved","remarks":null,"created_at":"2025-06-08T11:59:16.000000Z","updated_at":"2025-06-08T11:59:33.000000Z","notification_methods":"{\"email\":false,\"sms\":false,\"app\":false}","profile_photo_url":"https://ui-avatars.com/api/?name=&color=7F9CF5&background=EBF4FF"}] 
[2025-06-08 20:19:44] local.INFO: NotificationService - Total recipients: 2  
[2025-06-08 20:19:44] local.INFO: Selected notification methods:  {"email":false,"sms":false,"app":true} 
[2025-06-08 20:19:44] local.INFO: Processing recipient #0 (5) {"email":"lorjohn143@gmail.com","id":5,"phone":"25432131232"} 
[2025-06-08 20:19:45] local.INFO: Processing recipient #1 (9) {"email":"lorjohnra143@gmail.com","id":9,"phone":"998"} 
[2025-06-08 20:19:45] local.INFO: NotificationService - Final results: {"email":{"sent":0,"failed":0,"errors":[]},"sms":{"sent":0,"failed":0,"errors":[]},"app":{"sent":2,"failed":0,"errors":[]}} 
[2025-06-08 20:19:45] local.INFO: Reminder notification results for Reminder ID 1 {"email":{"sent":0,"failed":0,"errors":[]},"sms":{"sent":0,"failed":0,"errors":[]},"app":{"sent":2,"failed":0,"errors":[]}} 
[2025-06-08 20:19:45] local.INFO: Notification results:  {"email":{"sent":0,"failed":0,"errors":[]},"sms":{"sent":0,"failed":0,"errors":[]},"app":{"sent":2,"failed":0,"errors":[]}} 
